{"C:\\Users\\a.aydin\\Desktop\\Personal Apps\\BlueMark-academy\\src\\app\\app.component.ts": {"path":"C:\\Users\\a.aydin\\Desktop\\Personal Apps\\BlueMark-academy\\src\\app\\app.component.ts","statementMap":{"0":{"start":{"line":1,"column":0},"end":{"line":1,"column":42}},"1":{"start":{"line":8,"column":25},"end":{"line":10,"column":null}},"2":{"start":{"line":9,"column":2},"end":{"line":9,"column":29}},"3":{"start":{"line":8,"column":13},"end":{"line":10,"column":null}},"4":{"start":{"line":8,"column":13},"end":{"line":8,"column":25}}},"fnMap":{},"branchMap":{},"s":{"0":1,"1":1,"2":2,"3":1,"4":1},"f":{},"b":{}}
,"C:\\Users\\a.aydin\\Desktop\\Personal Apps\\BlueMark-academy\\src\\app\\q1\\q1.component.ts": {"path":"C:\\Users\\a.aydin\\Desktop\\Personal Apps\\BlueMark-academy\\src\\app\\q1\\q1.component.ts","statementMap":{"0":{"start":{"line":1,"column":0},"end":{"line":1,"column":42}},"1":{"start":{"line":8,"column":24},"end":{"line":18,"column":null}},"2":{"start":{"line":9,"column":2},"end":{"line":9,"column":14}},"3":{"start":{"line":12,"column":4},"end":{"line":16,"column":null}},"4":{"start":{"line":13,"column":6},"end":{"line":13,"column":21}},"5":{"start":{"line":15,"column":6},"end":{"line":15,"column":21}},"6":{"start":{"line":8,"column":13},"end":{"line":18,"column":null}},"7":{"start":{"line":8,"column":13},"end":{"line":8,"column":24}}},"fnMap":{"0":{"name":"(anonymous_1)","decl":{"start":{"line":11,"column":2},"end":{"line":11,"column":12}},"loc":{"start":{"line":11,"column":37},"end":{"line":17,"column":3}}}},"branchMap":{"0":{"loc":{"start":{"line":12,"column":4},"end":{"line":16,"column":null}},"type":"if","locations":[{"start":{"line":12,"column":4},"end":{"line":16,"column":null}},{"start":{"line":14,"column":11},"end":{"line":16,"column":null}}]}},"s":{"0":1,"1":1,"2":3,"3":2,"4":1,"5":1,"6":1,"7":1},"f":{"0":2},"b":{"0":[1,1]}}
,"C:\\Users\\a.aydin\\Desktop\\Personal Apps\\BlueMark-academy\\src\\app\\q10\\q10.component.ts": {"path":"C:\\Users\\a.aydin\\Desktop\\Personal Apps\\BlueMark-academy\\src\\app\\q10\\q10.component.ts","statementMap":{"0":{"start":{"line":1,"column":0},"end":{"line":1,"column":9}},"1":{"start":{"line":2,"column":0},"end":{"line":2,"column":42}},"2":{"start":{"line":16,"column":25},"end":{"line":26,"column":null}},"3":{"start":{"line":21,"column":22},"end":{"line":21,"column":44}},"4":{"start":{"line":17,"column":2},"end":{"line":17,"column":43}},"5":{"start":{"line":19,"column":2},"end":{"line":19,"column":72}},"6":{"start":{"line":24,"column":4},"end":{"line":24,"column":65}},"7":{"start":{"line":16,"column":13},"end":{"line":26,"column":null}},"8":{"start":{"line":16,"column":13},"end":{"line":16,"column":25}}},"fnMap":{"0":{"name":"(anonymous_0)","decl":{"start":{"line":21,"column":2},"end":{"line":21,"column":22}},"loc":{"start":{"line":21,"column":44},"end":{"line":21,"column":48}}},"1":{"name":"(anonymous_1)","decl":{"start":{"line":23,"column":2},"end":{"line":23,"column":11}},"loc":{"start":{"line":23,"column":11},"end":{"line":25,"column":3}}}},"branchMap":{},"s":{"0":1,"1":1,"2":1,"3":3,"4":3,"5":3,"6":1,"7":1,"8":1},"f":{"0":3,"1":1},"b":{}}
,"C:\\Users\\a.aydin\\Desktop\\Personal Apps\\BlueMark-academy\\src\\app\\q11\\q11.component.ts": {"path":"C:\\Users\\a.aydin\\Desktop\\Personal Apps\\BlueMark-academy\\src\\app\\q11\\q11.component.ts","statementMap":{"0":{"start":{"line":1,"column":0},"end":{"line":1,"column":62}},"1":{"start":{"line":2,"column":0},"end":{"line":2,"column":null}},"2":{"start":{"line":11,"column":0},"end":{"line":11,"column":60}},"3":{"start":{"line":12,"column":0},"end":{"line":12,"column":55}},"4":{"start":{"line":19,"column":25},"end":{"line":65,"column":null}},"5":{"start":{"line":26,"column":22},"end":{"line":26,"column":34}},"6":{"start":{"line":22,"column":2},"end":{"line":22,"column":46}},"7":{"start":{"line":23,"column":2},"end":{"line":23,"column":48}},"8":{"start":{"line":24,"column":2},"end":{"line":24,"column":51}},"9":{"start":{"line":29,"column":4},"end":{"line":29,"column":21}},"10":{"start":{"line":33,"column":4},"end":{"line":33,"column":63}},"11":{"start":{"line":37,"column":4},"end":{"line":37,"column":68}},"12":{"start":{"line":41,"column":4},"end":{"line":41,"column":54}},"13":{"start":{"line":45,"column":4},"end":{"line":51,"column":7}},"14":{"start":{"line":55,"column":4},"end":{"line":63,"column":6}},"15":{"start":{"line":56,"column":6},"end":{"line":62,"column":8}},"16":{"start":{"line":57,"column":24},"end":{"line":57,"column":60}},"17":{"start":{"line":59,"column":10},"end":{"line":59,"column":59}},"18":{"start":{"line":19,"column":13},"end":{"line":65,"column":null}},"19":{"start":{"line":19,"column":13},"end":{"line":19,"column":25}},"20":{"start":{"line":70,"column":23},"end":{"line":79,"column":null}},"21":{"start":{"line":71,"column":2},"end":{"line":71,"column":39}},"22":{"start":{"line":74,"column":20},"end":{"line":76,"column":36}},"23":{"start":{"line":75,"column":21},"end":{"line":75,"column":39}},"24":{"start":{"line":77,"column":4},"end":{"line":77,"column":62}},"25":{"start":{"line":70,"column":13},"end":{"line":79,"column":null}},"26":{"start":{"line":70,"column":13},"end":{"line":70,"column":23}}},"fnMap":{"0":{"name":"(anonymous_0)","decl":{"start":{"line":26,"column":2},"end":{"line":26,"column":22}},"loc":{"start":{"line":26,"column":44},"end":{"line":26,"column":48}}},"1":{"name":"(anonymous_1)","decl":{"start":{"line":28,"column":2},"end":{"line":28,"column":10}},"loc":{"start":{"line":28,"column":10},"end":{"line":30,"column":3}}},"2":{"name":"(anonymous_2)","decl":{"start":{"line":32,"column":2},"end":{"line":32,"column":6}},"loc":{"start":{"line":32,"column":27},"end":{"line":34,"column":3}}},"3":{"name":"(anonymous_3)","decl":{"start":{"line":36,"column":2},"end":{"line":36,"column":6}},"loc":{"start":{"line":36,"column":24},"end":{"line":38,"column":3}}},"4":{"name":"(anonymous_4)","decl":{"start":{"line":40,"column":2},"end":{"line":40,"column":6}},"loc":{"start":{"line":40,"column":20},"end":{"line":42,"column":3}}},"5":{"name":"(anonymous_5)","decl":{"start":{"line":44,"column":10},"end":{"line":44,"column":19}},"loc":{"start":{"line":44,"column":19},"end":{"line":52,"column":3}}},"6":{"name":"(anonymous_6)","decl":{"start":{"line":54,"column":10},"end":{"line":54,"column":37}},"loc":{"start":{"line":54,"column":37},"end":{"line":64,"column":3}}},"7":{"name":"(anonymous_7)","decl":{"start":{"line":55,"column":11},"end":{"line":55,"column":12}},"loc":{"start":{"line":55,"column":77},"end":{"line":63,"column":5}}},"8":{"name":"(anonymous_8)","decl":{"start":{"line":57,"column":18},"end":{"line":57,"column":21}},"loc":{"start":{"line":57,"column":24},"end":{"line":57,"column":60}}},"9":{"name":"(anonymous_9)","decl":{"start":{"line":58,"column":12},"end":{"line":58,"column":13}},"loc":{"start":{"line":58,"column":25},"end":{"line":60,"column":9}}},"10":{"name":"(anonymous_12)","decl":{"start":{"line":73,"column":2},"end":{"line":73,"column":7}},"loc":{"start":{"line":73,"column":21},"end":{"line":78,"column":3}}},"11":{"name":"(anonymous_13)","decl":{"start":{"line":75,"column":11},"end":{"line":75,"column":12}},"loc":{"start":{"line":75,"column":21},"end":{"line":75,"column":39}}}},"branchMap":{"0":{"loc":{"start":{"line":33,"column":11},"end":{"line":33,"column":62}},"type":"cond-expr","locations":[{"start":{"line":33,"column":52},"end":{"line":33,"column":54}},{"start":{"line":33,"column":52},"end":{"line":33,"column":62}}]},"1":{"loc":{"start":{"line":33,"column":11},"end":{"line":33,"column":54}},"type":"binary-expr","locations":[{"start":{"line":33,"column":11},"end":{"line":33,"column":54}},{"start":{"line":33,"column":52},"end":{"line":33,"column":54}}]},"2":{"loc":{"start":{"line":33,"column":11},"end":{"line":33,"column":52}},"type":"cond-expr","locations":[{"start":{"line":33,"column":44},"end":{"line":33,"column":46}},{"start":{"line":33,"column":44},"end":{"line":33,"column":52}}]},"3":{"loc":{"start":{"line":33,"column":11},"end":{"line":33,"column":46}},"type":"binary-expr","locations":[{"start":{"line":33,"column":11},"end":{"line":33,"column":46}},{"start":{"line":33,"column":44},"end":{"line":33,"column":46}}]},"4":{"loc":{"start":{"line":33,"column":11},"end":{"line":33,"column":44}},"type":"cond-expr","locations":[{"start":{"line":33,"column":38},"end":{"line":33,"column":40}},{"start":{"line":33,"column":38},"end":{"line":33,"column":44}}]},"5":{"loc":{"start":{"line":33,"column":11},"end":{"line":33,"column":40}},"type":"binary-expr","locations":[{"start":{"line":33,"column":11},"end":{"line":33,"column":40}},{"start":{"line":33,"column":38},"end":{"line":33,"column":40}}]},"6":{"loc":{"start":{"line":33,"column":11},"end":{"line":33,"column":38}},"type":"cond-expr","locations":[{"start":{"line":33,"column":28},"end":{"line":33,"column":30}},{"start":{"line":33,"column":28},"end":{"line":33,"column":38}}]},"7":{"loc":{"start":{"line":33,"column":11},"end":{"line":33,"column":30}},"type":"binary-expr","locations":[{"start":{"line":33,"column":11},"end":{"line":33,"column":30}},{"start":{"line":33,"column":28},"end":{"line":33,"column":30}}]},"8":{"loc":{"start":{"line":37,"column":11},"end":{"line":37,"column":67}},"type":"cond-expr","locations":[{"start":{"line":37,"column":52},"end":{"line":37,"column":54}},{"start":{"line":37,"column":52},"end":{"line":37,"column":67}}]},"9":{"loc":{"start":{"line":37,"column":11},"end":{"line":37,"column":54}},"type":"binary-expr","locations":[{"start":{"line":37,"column":11},"end":{"line":37,"column":54}},{"start":{"line":37,"column":52},"end":{"line":37,"column":54}}]},"10":{"loc":{"start":{"line":37,"column":11},"end":{"line":37,"column":52}},"type":"cond-expr","locations":[{"start":{"line":37,"column":44},"end":{"line":37,"column":46}},{"start":{"line":37,"column":44},"end":{"line":37,"column":52}}]},"11":{"loc":{"start":{"line":37,"column":11},"end":{"line":37,"column":46}},"type":"binary-expr","locations":[{"start":{"line":37,"column":11},"end":{"line":37,"column":46}},{"start":{"line":37,"column":44},"end":{"line":37,"column":46}}]},"12":{"loc":{"start":{"line":37,"column":11},"end":{"line":37,"column":44}},"type":"cond-expr","locations":[{"start":{"line":37,"column":38},"end":{"line":37,"column":40}},{"start":{"line":37,"column":38},"end":{"line":37,"column":44}}]},"13":{"loc":{"start":{"line":37,"column":11},"end":{"line":37,"column":40}},"type":"binary-expr","locations":[{"start":{"line":37,"column":11},"end":{"line":37,"column":40}},{"start":{"line":37,"column":38},"end":{"line":37,"column":40}}]},"14":{"loc":{"start":{"line":37,"column":11},"end":{"line":37,"column":38}},"type":"cond-expr","locations":[{"start":{"line":37,"column":28},"end":{"line":37,"column":30}},{"start":{"line":37,"column":28},"end":{"line":37,"column":38}}]},"15":{"loc":{"start":{"line":37,"column":11},"end":{"line":37,"column":30}},"type":"binary-expr","locations":[{"start":{"line":37,"column":11},"end":{"line":37,"column":30}},{"start":{"line":37,"column":28},"end":{"line":37,"column":30}}]},"16":{"loc":{"start":{"line":41,"column":12},"end":{"line":41,"column":53}},"type":"cond-expr","locations":[{"start":{"line":41,"column":45},"end":{"line":41,"column":47}},{"start":{"line":41,"column":45},"end":{"line":41,"column":53}}]},"17":{"loc":{"start":{"line":41,"column":12},"end":{"line":41,"column":47}},"type":"binary-expr","locations":[{"start":{"line":41,"column":12},"end":{"line":41,"column":47}},{"start":{"line":41,"column":45},"end":{"line":41,"column":47}}]},"18":{"loc":{"start":{"line":41,"column":12},"end":{"line":41,"column":45}},"type":"cond-expr","locations":[{"start":{"line":41,"column":39},"end":{"line":41,"column":41}},{"start":{"line":41,"column":39},"end":{"line":41,"column":45}}]},"19":{"loc":{"start":{"line":41,"column":12},"end":{"line":41,"column":41}},"type":"binary-expr","locations":[{"start":{"line":41,"column":12},"end":{"line":41,"column":41}},{"start":{"line":41,"column":39},"end":{"line":41,"column":41}}]},"20":{"loc":{"start":{"line":41,"column":12},"end":{"line":41,"column":39}},"type":"cond-expr","locations":[{"start":{"line":41,"column":29},"end":{"line":41,"column":31}},{"start":{"line":41,"column":29},"end":{"line":41,"column":39}}]},"21":{"loc":{"start":{"line":41,"column":12},"end":{"line":41,"column":31}},"type":"binary-expr","locations":[{"start":{"line":41,"column":12},"end":{"line":41,"column":31}},{"start":{"line":41,"column":29},"end":{"line":41,"column":31}}]},"22":{"loc":{"start":{"line":59,"column":17},"end":{"line":59,"column":58}},"type":"cond-expr","locations":[{"start":{"line":59,"column":28},"end":{"line":59,"column":51}},{"start":{"line":59,"column":54},"end":{"line":59,"column":58}}]},"23":{"loc":{"start":{"line":77,"column":22},"end":{"line":77,"column":44}},"type":"cond-expr","locations":[{"start":{"line":77,"column":32},"end":{"line":77,"column":36}},{"start":{"line":77,"column":39},"end":{"line":77,"column":44}}]}},"s":{"0":1,"1":1,"2":1,"3":1,"4":1,"5":4,"6":4,"7":4,"8":4,"9":4,"10":13,"11":13,"12":13,"13":4,"14":4,"15":2,"16":2,"17":2,"18":1,"19":1,"20":1,"21":11,"22":8,"23":24,"24":8,"25":1,"26":1},"f":{"0":4,"1":4,"2":13,"3":13,"4":13,"5":4,"6":4,"7":2,"8":2,"9":2,"10":8,"11":24},"b":{"0":[2,11],"1":[13,11],"2":[0,13],"3":[13,13],"4":[0,13],"5":[13,13],"6":[0,13],"7":[13,13],"8":[2,11],"9":[13,11],"10":[0,13],"11":[13,13],"12":[0,13],"13":[13,13],"14":[0,13],"15":[13,13],"16":[0,13],"17":[13,13],"18":[0,13],"19":[13,13],"20":[0,13],"21":[13,13],"22":[1,1],"23":[4,4]}}
,"C:\\Users\\a.aydin\\Desktop\\Personal Apps\\BlueMark-academy\\src\\app\\q12\\q12.component.ts": {"path":"C:\\Users\\a.aydin\\Desktop\\Personal Apps\\BlueMark-academy\\src\\app\\q12\\q12.component.ts","statementMap":{"0":{"start":{"line":1,"column":0},"end":{"line":1,"column":66}},"1":{"start":{"line":8,"column":25},"end":{"line":14,"column":null}},"2":{"start":{"line":12,"column":4},"end":{"line":12,"column":32}},"3":{"start":{"line":8,"column":13},"end":{"line":14,"column":null}},"4":{"start":{"line":8,"column":13},"end":{"line":8,"column":25}},"5":{"start":{"line":29,"column":30},"end":{"line":42,"column":null}},"6":{"start":{"line":30,"column":2},"end":{"line":30,"column":75}},"7":{"start":{"line":34,"column":25},"end":{"line":34,"column":71}},"8":{"start":{"line":35,"column":4},"end":{"line":35,"column":51}},"9":{"start":{"line":40,"column":4},"end":{"line":40,"column":35}},"10":{"start":{"line":29,"column":13},"end":{"line":42,"column":null}},"11":{"start":{"line":29,"column":13},"end":{"line":29,"column":30}}},"fnMap":{"0":{"name":"(anonymous_0)","decl":{"start":{"line":11,"column":2},"end":{"line":11,"column":11}},"loc":{"start":{"line":11,"column":11},"end":{"line":13,"column":3}}},"1":{"name":"(anonymous_2)","decl":{"start":{"line":33,"column":2},"end":{"line":33,"column":16}},"loc":{"start":{"line":33,"column":16},"end":{"line":36,"column":3}}},"2":{"name":"(anonymous_3)","decl":{"start":{"line":38,"column":2},"end":{"line":38,"column":3}},"loc":{"start":{"line":39,"column":21},"end":{"line":41,"column":3}}}},"branchMap":{},"s":{"0":1,"1":1,"2":1,"3":1,"4":1,"5":1,"6":12,"7":2,"8":2,"9":38,"10":1,"11":1},"f":{"0":1,"1":2,"2":38},"b":{}}
,"C:\\Users\\a.aydin\\Desktop\\Personal Apps\\BlueMark-academy\\src\\app\\q2\\q2.component.ts": {"path":"C:\\Users\\a.aydin\\Desktop\\Personal Apps\\BlueMark-academy\\src\\app\\q2\\q2.component.ts","statementMap":{"0":{"start":{"line":1,"column":0},"end":{"line":1,"column":42}},"1":{"start":{"line":8,"column":24},"end":{"line":10,"column":null}},"2":{"start":{"line":9,"column":2},"end":{"line":9,"column":19}},"3":{"start":{"line":8,"column":13},"end":{"line":10,"column":null}},"4":{"start":{"line":8,"column":13},"end":{"line":8,"column":24}}},"fnMap":{},"branchMap":{},"s":{"0":1,"1":1,"2":2,"3":1,"4":1},"f":{},"b":{}}
,"C:\\Users\\a.aydin\\Desktop\\Personal Apps\\BlueMark-academy\\src\\app\\q3\\q3.component.ts": {"path":"C:\\Users\\a.aydin\\Desktop\\Personal Apps\\BlueMark-academy\\src\\app\\q3\\q3.component.ts","statementMap":{"0":{"start":{"line":1,"column":0},"end":{"line":1,"column":42}},"1":{"start":{"line":14,"column":24},"end":{"line":48,"column":null}},"2":{"start":{"line":15,"column":2},"end":{"line":15,"column":59}},"3":{"start":{"line":16,"column":2},"end":{"line":16,"column":18}},"4":{"start":{"line":17,"column":2},"end":{"line":38,"column":4}},"5":{"start":{"line":41,"column":4},"end":{"line":46,"column":7}},"6":{"start":{"line":42,"column":6},"end":{"line":45,"column":8}},"7":{"start":{"line":14,"column":13},"end":{"line":48,"column":null}},"8":{"start":{"line":14,"column":13},"end":{"line":14,"column":24}}},"fnMap":{"0":{"name":"(anonymous_1)","decl":{"start":{"line":40,"column":2},"end":{"line":40,"column":6}},"loc":{"start":{"line":40,"column":12},"end":{"line":47,"column":3}}},"1":{"name":"(anonymous_2)","decl":{"start":{"line":41,"column":33},"end":{"line":41,"column":34}},"loc":{"start":{"line":41,"column":42},"end":{"line":46,"column":5}}}},"branchMap":{"0":{"loc":{"start":{"line":43,"column":8},"end":{"line":44,"column":20}},"type":"binary-expr","locations":[{"start":{"line":43,"column":8},"end":{"line":43,"column":71}},{"start":{"line":44,"column":8},"end":{"line":44,"column":20}}]}},"s":{"0":1,"1":1,"2":8,"3":8,"4":8,"5":115,"6":460,"7":1,"8":1},"f":{"0":115,"1":460},"b":{"0":[460,241]}}
,"C:\\Users\\a.aydin\\Desktop\\Personal Apps\\BlueMark-academy\\src\\app\\q4\\q4.component.ts": {"path":"C:\\Users\\a.aydin\\Desktop\\Personal Apps\\BlueMark-academy\\src\\app\\q4\\q4.component.ts","statementMap":{"0":{"start":{"line":1,"column":0},"end":{"line":1,"column":49}},"1":{"start":{"line":8,"column":24},"end":{"line":14,"column":null}},"2":{"start":{"line":9,"column":2},"end":{"line":9,"column":14}},"3":{"start":{"line":12,"column":4},"end":{"line":12,"column":19}},"4":{"start":{"line":8,"column":13},"end":{"line":14,"column":null}},"5":{"start":{"line":8,"column":13},"end":{"line":8,"column":24}},"6":{"start":{"line":22,"column":29},"end":{"line":24,"column":null}},"7":{"start":{"line":22,"column":13},"end":{"line":24,"column":null}},"8":{"start":{"line":22,"column":13},"end":{"line":22,"column":29}}},"fnMap":{"0":{"name":"(anonymous_1)","decl":{"start":{"line":11,"column":2},"end":{"line":11,"column":9}},"loc":{"start":{"line":11,"column":9},"end":{"line":13,"column":3}}}},"branchMap":{},"s":{"0":1,"1":1,"2":4,"3":2,"4":1,"5":1,"6":1,"7":1,"8":1},"f":{"0":2},"b":{}}
,"C:\\Users\\a.aydin\\Desktop\\Personal Apps\\BlueMark-academy\\src\\app\\q5\\q5.component.ts": {"path":"C:\\Users\\a.aydin\\Desktop\\Personal Apps\\BlueMark-academy\\src\\app\\q5\\q5.component.ts","statementMap":{"0":{"start":{"line":1,"column":0},"end":{"line":1,"column":64}},"1":{"start":{"line":8,"column":24},"end":{"line":14,"column":null}},"2":{"start":{"line":9,"column":2},"end":{"line":9,"column":12}},"3":{"start":{"line":12,"column":4},"end":{"line":12,"column":22}},"4":{"start":{"line":8,"column":13},"end":{"line":14,"column":null}},"5":{"start":{"line":8,"column":13},"end":{"line":8,"column":24}},"6":{"start":{"line":23,"column":29},"end":{"line":31,"column":null}},"7":{"start":{"line":24,"column":2},"end":{"line":24,"column":13}},"8":{"start":{"line":26,"column":12},"end":{"line":26,"column":62}},"9":{"start":{"line":29,"column":4},"end":{"line":29,"column":33}},"10":{"start":{"line":23,"column":13},"end":{"line":31,"column":null}},"11":{"start":{"line":23,"column":13},"end":{"line":23,"column":29}}},"fnMap":{"0":{"name":"(anonymous_1)","decl":{"start":{"line":11,"column":2},"end":{"line":11,"column":10}},"loc":{"start":{"line":11,"column":24},"end":{"line":13,"column":3}}},"1":{"name":"(anonymous_3)","decl":{"start":{"line":28,"column":2},"end":{"line":28,"column":9}},"loc":{"start":{"line":28,"column":9},"end":{"line":30,"column":3}}}},"branchMap":{},"s":{"0":1,"1":1,"2":3,"3":2,"4":1,"5":1,"6":1,"7":3,"8":3,"9":1,"10":1,"11":1},"f":{"0":2,"1":1},"b":{}}
,"C:\\Users\\a.aydin\\Desktop\\Personal Apps\\BlueMark-academy\\src\\app\\q6\\q6.component.ts": {"path":"C:\\Users\\a.aydin\\Desktop\\Personal Apps\\BlueMark-academy\\src\\app\\q6\\q6.component.ts","statementMap":{"0":{"start":{"line":1,"column":0},"end":{"line":1,"column":50}},"1":{"start":{"line":2,"column":0},"end":{"line":2,"column":68}},"2":{"start":{"line":9,"column":24},"end":{"line":29,"column":null}},"3":{"start":{"line":10,"column":2},"end":{"line":10,"column":23}},"4":{"start":{"line":14,"column":4},"end":{"line":14,"column":21}},"5":{"start":{"line":18,"column":4},"end":{"line":18,"column":29}},"6":{"start":{"line":22,"column":4},"end":{"line":27,"column":7}},"7":{"start":{"line":9,"column":13},"end":{"line":29,"column":null}},"8":{"start":{"line":9,"column":13},"end":{"line":9,"column":24}}},"fnMap":{"0":{"name":"(anonymous_1)","decl":{"start":{"line":13,"column":2},"end":{"line":13,"column":10}},"loc":{"start":{"line":13,"column":10},"end":{"line":15,"column":3}}},"1":{"name":"(anonymous_2)","decl":{"start":{"line":17,"column":2},"end":{"line":17,"column":10}},"loc":{"start":{"line":17,"column":10},"end":{"line":19,"column":3}}},"2":{"name":"(anonymous_3)","decl":{"start":{"line":21,"column":10},"end":{"line":21,"column":19}},"loc":{"start":{"line":21,"column":19},"end":{"line":28,"column":3}}}},"branchMap":{},"s":{"0":1,"1":1,"2":1,"3":5,"4":5,"5":1,"6":5,"7":1,"8":1},"f":{"0":5,"1":1,"2":5},"b":{}}
,"C:\\Users\\a.aydin\\Desktop\\Personal Apps\\BlueMark-academy\\src\\app\\q7\\q7.component.ts": {"path":"C:\\Users\\a.aydin\\Desktop\\Personal Apps\\BlueMark-academy\\src\\app\\q7\\q7.component.ts","statementMap":{"0":{"start":{"line":1,"column":0},"end":{"line":1,"column":63}},"1":{"start":{"line":8,"column":24},"end":{"line":10,"column":null}},"2":{"start":{"line":9,"column":2},"end":{"line":9,"column":13}},"3":{"start":{"line":8,"column":13},"end":{"line":10,"column":null}},"4":{"start":{"line":8,"column":13},"end":{"line":8,"column":24}},"5":{"start":{"line":15,"column":25},"end":{"line":25,"column":null}},"6":{"start":{"line":17,"column":4},"end":{"line":17,"column":26}},"7":{"start":{"line":17,"column":16},"end":{"line":17,"column":26}},"8":{"start":{"line":18,"column":4},"end":{"line":23,"column":16}},"9":{"start":{"line":21,"column":8},"end":{"line":21,"column":63}},"10":{"start":{"line":15,"column":13},"end":{"line":25,"column":null}},"11":{"start":{"line":15,"column":13},"end":{"line":15,"column":25}}},"fnMap":{"0":{"name":"(anonymous_1)","decl":{"start":{"line":16,"column":2},"end":{"line":16,"column":11}},"loc":{"start":{"line":16,"column":25},"end":{"line":24,"column":3}}},"1":{"name":"(anonymous_2)","decl":{"start":{"line":20,"column":11},"end":{"line":20,"column":12}},"loc":{"start":{"line":21,"column":8},"end":{"line":21,"column":63}}}},"branchMap":{"0":{"loc":{"start":{"line":17,"column":4},"end":{"line":17,"column":26}},"type":"if","locations":[{"start":{"line":17,"column":4},"end":{"line":17,"column":26}}]},"1":{"loc":{"start":{"line":21,"column":8},"end":{"line":21,"column":63}},"type":"cond-expr","locations":[{"start":{"line":21,"column":20},"end":{"line":21,"column":40}},{"start":{"line":21,"column":43},"end":{"line":21,"column":63}}]}},"s":{"0":1,"1":1,"2":3,"3":1,"4":1,"5":1,"6":7,"7":4,"8":3,"9":29,"10":1,"11":1},"f":{"0":7,"1":29},"b":{"0":[4],"1":[14,15]}}
,"C:\\Users\\a.aydin\\Desktop\\Personal Apps\\BlueMark-academy\\src\\app\\q8\\q8.component.ts": {"path":"C:\\Users\\a.aydin\\Desktop\\Personal Apps\\BlueMark-academy\\src\\app\\q8\\q8.component.ts","statementMap":{"0":{"start":{"line":1,"column":0},"end":{"line":1,"column":null}},"1":{"start":{"line":14,"column":24},"end":{"line":14,"column":null}},"2":{"start":{"line":14,"column":13},"end":{"line":14,"column":null}},"3":{"start":{"line":14,"column":13},"end":{"line":14,"column":24}},"4":{"start":{"line":19,"column":33},"end":{"line":34,"column":null}},"5":{"start":{"line":22,"column":22},"end":{"line":22,"column":36}},"6":{"start":{"line":25,"column":4},"end":{"line":25,"column":31}},"7":{"start":{"line":29,"column":4},"end":{"line":29,"column":23}},"8":{"start":{"line":32,"column":4},"end":{"line":32,"column":56}},"9":{"start":{"line":19,"column":13},"end":{"line":34,"column":null}},"10":{"start":{"line":19,"column":13},"end":{"line":19,"column":33}}},"fnMap":{"0":{"name":"(anonymous_0)","decl":{"start":{"line":22,"column":2},"end":{"line":22,"column":22}},"loc":{"start":{"line":22,"column":36},"end":{"line":22,"column":40}}},"1":{"name":"(anonymous_1)","decl":{"start":{"line":24,"column":30},"end":{"line":24,"column":42}},"loc":{"start":{"line":24,"column":42},"end":{"line":26,"column":3}}},"2":{"name":"(anonymous_2)","decl":{"start":{"line":28,"column":30},"end":{"line":28,"column":42}},"loc":{"start":{"line":28,"column":42},"end":{"line":30,"column":3}}},"3":{"name":"(anonymous_3)","decl":{"start":{"line":31,"column":10},"end":{"line":31,"column":19}},"loc":{"start":{"line":31,"column":33},"end":{"line":33,"column":3}}}},"branchMap":{},"s":{"0":1,"1":1,"2":1,"3":1,"4":1,"5":16,"6":6,"7":1,"8":7,"9":1,"10":1},"f":{"0":16,"1":6,"2":1,"3":7},"b":{}}
,"C:\\Users\\a.aydin\\Desktop\\Personal Apps\\BlueMark-academy\\src\\app\\q9\\q9.component.ts": {"path":"C:\\Users\\a.aydin\\Desktop\\Personal Apps\\BlueMark-academy\\src\\app\\q9\\q9.component.ts","statementMap":{"0":{"start":{"line":1,"column":0},"end":{"line":1,"column":62}},"1":{"start":{"line":10,"column":24},"end":{"line":16,"column":null}},"2":{"start":{"line":14,"column":4},"end":{"line":14,"column":23}},"3":{"start":{"line":10,"column":13},"end":{"line":16,"column":null}},"4":{"start":{"line":10,"column":13},"end":{"line":10,"column":24}},"5":{"start":{"line":40,"column":29},"end":{"line":47,"column":null}},"6":{"start":{"line":45,"column":4},"end":{"line":45,"column":38}},"7":{"start":{"line":40,"column":13},"end":{"line":47,"column":null}},"8":{"start":{"line":40,"column":13},"end":{"line":40,"column":29}}},"fnMap":{"0":{"name":"(anonymous_0)","decl":{"start":{"line":13,"column":2},"end":{"line":13,"column":9}},"loc":{"start":{"line":13,"column":28},"end":{"line":15,"column":3}}},"1":{"name":"(anonymous_1)","decl":{"start":{"line":43,"column":2},"end":{"line":43,"column":3}},"loc":{"start":{"line":44,"column":13},"end":{"line":46,"column":3}}}},"branchMap":{},"s":{"0":1,"1":1,"2":3,"3":1,"4":1,"5":1,"6":26,"7":1,"8":1},"f":{"0":3,"1":26},"b":{}}
}
