{"C:\\Users\\a.aydin\\Desktop\\Personal Apps\\BlueMark-academy\\src\\app\\app.component.ts": {"path":"C:\\Users\\a.aydin\\Desktop\\Personal Apps\\BlueMark-academy\\src\\app\\app.component.ts","statementMap":{"0":{"start":{"line":1,"column":0},"end":{"line":1,"column":42}},"1":{"start":{"line":8,"column":25},"end":{"line":10,"column":null}},"2":{"start":{"line":9,"column":2},"end":{"line":9,"column":29}},"3":{"start":{"line":8,"column":13},"end":{"line":10,"column":null}},"4":{"start":{"line":8,"column":13},"end":{"line":8,"column":25}}},"fnMap":{},"branchMap":{},"s":{"0":1,"1":1,"2":2,"3":1,"4":1},"f":{},"b":{}}
,"C:\\Users\\a.aydin\\Desktop\\Personal Apps\\BlueMark-academy\\src\\app\\q1\\q1.component.ts": {"path":"C:\\Users\\a.aydin\\Desktop\\Personal Apps\\BlueMark-academy\\src\\app\\q1\\q1.component.ts","statementMap":{"0":{"start":{"line":1,"column":0},"end":{"line":1,"column":42}},"1":{"start":{"line":8,"column":24},"end":{"line":18,"column":null}},"2":{"start":{"line":9,"column":2},"end":{"line":9,"column":14}},"3":{"start":{"line":12,"column":4},"end":{"line":16,"column":null}},"4":{"start":{"line":13,"column":6},"end":{"line":13,"column":21}},"5":{"start":{"line":15,"column":6},"end":{"line":15,"column":21}},"6":{"start":{"line":8,"column":13},"end":{"line":18,"column":null}},"7":{"start":{"line":8,"column":13},"end":{"line":8,"column":24}}},"fnMap":{"0":{"name":"(anonymous_1)","decl":{"start":{"line":11,"column":2},"end":{"line":11,"column":12}},"loc":{"start":{"line":11,"column":37},"end":{"line":17,"column":3}}}},"branchMap":{"0":{"loc":{"start":{"line":12,"column":4},"end":{"line":16,"column":null}},"type":"if","locations":[{"start":{"line":12,"column":4},"end":{"line":16,"column":null}},{"start":{"line":14,"column":11},"end":{"line":16,"column":null}}]}},"s":{"0":1,"1":1,"2":3,"3":2,"4":1,"5":1,"6":1,"7":1},"f":{"0":2},"b":{"0":[1,1]}}
,"C:\\Users\\a.aydin\\Desktop\\Personal Apps\\BlueMark-academy\\src\\app\\q10\\q10.component.ts": {"path":"C:\\Users\\a.aydin\\Desktop\\Personal Apps\\BlueMark-academy\\src\\app\\q10\\q10.component.ts","statementMap":{"0":{"start":{"line":1,"column":0},"end":{"line":1,"column":9}},"1":{"start":{"line":2,"column":0},"end":{"line":2,"column":42}},"2":{"start":{"line":16,"column":25},"end":{"line":26,"column":null}},"3":{"start":{"line":21,"column":22},"end":{"line":21,"column":44}},"4":{"start":{"line":17,"column":2},"end":{"line":17,"column":43}},"5":{"start":{"line":19,"column":2},"end":{"line":19,"column":72}},"6":{"start":{"line":24,"column":4},"end":{"line":24,"column":65}},"7":{"start":{"line":16,"column":13},"end":{"line":26,"column":null}},"8":{"start":{"line":16,"column":13},"end":{"line":16,"column":25}}},"fnMap":{"0":{"name":"(anonymous_0)","decl":{"start":{"line":21,"column":2},"end":{"line":21,"column":22}},"loc":{"start":{"line":21,"column":44},"end":{"line":21,"column":48}}},"1":{"name":"(anonymous_1)","decl":{"start":{"line":23,"column":2},"end":{"line":23,"column":11}},"loc":{"start":{"line":23,"column":11},"end":{"line":25,"column":3}}}},"branchMap":{},"s":{"0":1,"1":1,"2":1,"3":3,"4":3,"5":3,"6":1,"7":1,"8":1},"f":{"0":3,"1":1},"b":{}}
,"C:\\Users\\a.aydin\\Desktop\\Personal Apps\\BlueMark-academy\\src\\app\\q11\\q11.component.ts": {"path":"C:\\Users\\a.aydin\\Desktop\\Personal Apps\\BlueMark-academy\\src\\app\\q11\\q11.component.ts","statementMap":{"0":{"start":{"line":1,"column":0},"end":{"line":1,"column":62}},"1":{"start":{"line":2,"column":0},"end":{"line":2,"column":null}},"2":{"start":{"line":11,"column":0},"end":{"line":11,"column":60}},"3":{"start":{"line":12,"column":0},"end":{"line":12,"column":55}},"4":{"start":{"line":19,"column":25},"end":{"line":65,"column":null}},"5":{"start":{"line":26,"column":22},"end":{"line":26,"column":34}},"6":{"start":{"line":22,"column":2},"end":{"line":22,"column":46}},"7":{"start":{"line":23,"column":2},"end":{"line":23,"column":48}},"8":{"start":{"line":24,"column":2},"end":{"line":24,"column":51}},"9":{"start":{"line":29,"column":4},"end":{"line":29,"column":21}},"10":{"start":{"line":33,"column":4},"end":{"line":33,"column":63}},"11":{"start":{"line":37,"column":4},"end":{"line":37,"column":68}},"12":{"start":{"line":41,"column":4},"end":{"line":41,"column":54}},"13":{"start":{"line":45,"column":4},"end":{"line":51,"column":7}},"14":{"start":{"line":55,"column":4},"end":{"line":63,"column":6}},"15":{"start":{"line":56,"column":6},"end":{"line":62,"column":8}},"16":{"start":{"line":57,"column":24},"end":{"line":57,"column":60}},"17":{"start":{"line":59,"column":10},"end":{"line":59,"column":59}},"18":{"start":{"line":19,"column":13},"end":{"line":65,"column":null}},"19":{"start":{"line":19,"column":13},"end":{"line":19,"column":25}},"20":{"start":{"line":70,"column":23},"end":{"line":79,"column":null}},"21":{"start":{"line":71,"column":2},"end":{"line":71,"column":39}},"22":{"start":{"line":74,"column":20},"end":{"line":76,"column":36}},"23":{"start":{"line":75,"column":21},"end":{"line":75,"column":39}},"24":{"start":{"line":77,"column":4},"end":{"line":77,"column":62}},"25":{"start":{"line":70,"column":13},"end":{"line":79,"column":null}},"26":{"start":{"line":70,"column":13},"end":{"line":70,"column":23}}},"fnMap":{"0":{"name":"(anonymous_0)","decl":{"start":{"line":26,"column":2},"end":{"line":26,"column":22}},"loc":{"start":{"line":26,"column":44},"end":{"line":26,"column":48}}},"1":{"name":"(anonymous_1)","decl":{"start":{"line":28,"column":2},"end":{"line":28,"column":10}},"loc":{"start":{"line":28,"column":10},"end":{"line":30,"column":3}}},"2":{"name":"(anonymous_2)","decl":{"start":{"line":32,"column":2},"end":{"line":32,"column":6}},"loc":{"start":{"line":32,"column":27},"end":{"line":34,"column":3}}},"3":{"name":"(anonymous_3)","decl":{"start":{"line":36,"column":2},"end":{"line":36,"column":6}},"loc":{"start":{"line":36,"column":24},"end":{"line":38,"column":3}}},"4":{"name":"(anonymous_4)","decl":{"start":{"line":40,"column":2},"end":{"line":40,"column":6}},"loc":{"start":{"line":40,"column":20},"end":{"line":42,"column":3}}},"5":{"name":"(anonymous_5)","decl":{"start":{"line":44,"column":10},"end":{"line":44,"column":19}},"loc":{"start":{"line":44,"column":19},"end":{"line":52,"column":3}}},"6":{"name":"(anonymous_6)","decl":{"start":{"line":54,"column":10},"end":{"line":54,"column":37}},"loc":{"start":{"line":54,"column":37},"end":{"line":64,"column":3}}},"7":{"name":"(anonymous_7)","decl":{"start":{"line":55,"column":11},"end":{"line":55,"column":12}},"loc":{"start":{"line":55,"column":77},"end":{"line":63,"column":5}}},"8":{"name":"(anonymous_8)","decl":{"start":{"line":57,"column":18},"end":{"line":57,"column":21}},"loc":{"start":{"line":57,"column":24},"end":{"line":57,"column":60}}},"9":{"name":"(anonymous_9)","decl":{"start":{"line":58,"column":12},"end":{"line":58,"column":13}},"loc":{"start":{"line":58,"column":25},"end":{"line":60,"column":9}}},"10":{"name":"(anonymous_12)","decl":{"start":{"line":73,"column":2},"end":{"line":73,"column":7}},"loc":{"start":{"line":73,"column":21},"end":{"line":78,"column":3}}},"11":{"name":"(anonymous_13)","decl":{"start":{"line":75,"column":11},"end":{"line":75,"column":12}},"loc":{"start":{"line":75,"column":21},"end":{"line":75,"column":39}}}},"branchMap":{"0":{"loc":{"start":{"line":33,"column":11},"end":{"line":33,"column":62}},"type":"cond-expr","locations":[{"start":{"line":33,"column":52},"end":{"line":33,"column":54}},{"start":{"line":33,"column":52},"end":{"line":33,"column":62}}]},"1":{"loc":{"start":{"line":33,"column":11},"end":{"line":33,"column":54}},"type":"binary-expr","locations":[{"start":{"line":33,"column":11},"end":{"line":33,"column":54}},{"start":{"line":33,"column":52},"end":{"line":33,"column":54}}]},"2":{"loc":{"start":{"line":33,"column":11},"end":{"line":33,"column":52}},"type":"cond-expr","locations":[{"start":{"line":33,"column":44},"end":{"line":33,"column":46}},{"start":{"line":33,"column":44},"end":{"line":33,"column":52}}]},"3":{"loc":{"start":{"line":33,"column":11},"end":{"line":33,"column":46}},"type":"binary-expr","locations":[{"start":{"line":33,"column":11},"end":{"line":33,"column":46}},{"start":{"line":33,"column":44},"end":{"line":33,"column":46}}]},"4":{"loc":{"start":{"line":33,"column":11},"end":{"line":33,"column":44}},"type":"cond-expr","locations":[{"start":{"line":33,"column":38},"end":{"line":33,"column":40}},{"start":{"line":33,"column":38},"end":{"line":33,"column":44}}]},"5":{"loc":{"start":{"line":33,"column":11},"end":{"line":33,"column":40}},"type":"binary-expr","locations":[{"start":{"line":33,"column":11},"end":{"line":33,"column":40}},{"start":{"line":33,"column":38},"end":{"line":33,"column":40}}]},"6":{"loc":{"start":{"line":33,"column":11},"end":{"line":33,"column":38}},"type":"cond-expr","locations":[{"start":{"line":33,"column":28},"end":{"line":33,"column":30}},{"start":{"line":33,"column":28},"end":{"line":33,"column":38}}]},"7":{"loc":{"start":{"line":33,"column":11},"end":{"line":33,"column":30}},"type":"binary-expr","locations":[{"start":{"line":33,"column":11},"end":{"line":33,"column":30}},{"start":{"line":33,"column":28},"end":{"line":33,"column":30}}]},"8":{"loc":{"start":{"line":37,"column":11},"end":{"line":37,"column":67}},"type":"cond-expr","locations":[{"start":{"line":37,"column":52},"end":{"line":37,"column":54}},{"start":{"line":37,"column":52},"end":{"line":37,"column":67}}]},"9":{"loc":{"start":{"line":37,"column":11},"end":{"line":37,"column":54}},"type":"binary-expr","locations":[{"start":{"line":37,"column":11},"end":{"line":37,"column":54}},{"start":{"line":37,"column":52},"end":{"line":37,"column":54}}]},"10":{"loc":{"start":{"line":37,"column":11},"end":{"line":37,"column":52}},"type":"cond-expr","locations":[{"start":{"line":37,"column":44},"end":{"line":37,"column":46}},{"start":{"line":37,"column":44},"end":{"line":37,"column":52}}]},"11":{"loc":{"start":{"line":37,"column":11},"end":{"line":37,"column":46}},"type":"binary-expr","locations":[{"start":{"line":37,"column":11},"end":{"line":37,"column":46}},{"start":{"line":37,"column":44},"end":{"line":37,"column":46}}]},"12":{"loc":{"start":{"line":37,"column":11},"end":{"line":37,"column":44}},"type":"cond-expr","locations":[{"start":{"line":37,"column":38},"end":{"line":37,"column":40}},{"start":{"line":37,"column":38},"end":{"line":37,"column":44}}]},"13":{"loc":{"start":{"line":37,"column":11},"end":{"line":37,"column":40}},"type":"binary-expr","locations":[{"start":{"line":37,"column":11},"end":{"line":37,"column":40}},{"start":{"line":37,"column":38},"end":{"line":37,"column":40}}]},"14":{"loc":{"start":{"line":37,"column":11},"end":{"line":37,"column":38}},"type":"cond-expr","locations":[{"start":{"line":37,"column":28},"end":{"line":37,"column":30}},{"start":{"line":37,"column":28},"end":{"line":37,"column":38}}]},"15":{"loc":{"start":{"line":37,"column":11},"end":{"line":37,"column":30}},"type":"binary-expr","locations":[{"start":{"line":37,"column":11},"end":{"line":37,"column":30}},{"start":{"line":37,"column":28},"end":{"line":37,"column":30}}]},"16":{"loc":{"start":{"line":41,"column":12},"end":{"line":41,"column":53}},"type":"cond-expr","locations":[{"start":{"line":41,"column":45},"end":{"line":41,"column":47}},{"start":{"line":41,"column":45},"end":{"line":41,"column":53}}]},"17":{"loc":{"start":{"line":41,"column":12},"end":{"line":41,"column":47}},"type":"binary-expr","locations":[{"start":{"line":41,"column":12},"end":{"line":41,"column":47}},{"start":{"line":41,"column":45},"end":{"line":41,"column":47}}]},"18":{"loc":{"start":{"line":41,"column":12},"end":{"line":41,"column":45}},"type":"cond-expr","locations":[{"start":{"line":41,"column":39},"end":{"line":41,"column":41}},{"start":{"line":41,"column":39},"end":{"line":41,"column":45}}]},"19":{"loc":{"start":{"line":41,"column":12},"end":{"line":41,"column":41}},"type":"binary-expr","locations":[{"start":{"line":41,"column":12},"end":{"line":41,"column":41}},{"start":{"line":41,"column":39},"end":{"line":41,"column":41}}]},"20":{"loc":{"start":{"line":41,"column":12},"end":{"line":41,"column":39}},"type":"cond-expr","locations":[{"start":{"line":41,"column":29},"end":{"line":41,"column":31}},{"start":{"line":41,"column":29},"end":{"line":41,"column":39}}]},"21":{"loc":{"start":{"line":41,"column":12},"end":{"line":41,"column":31}},"type":"binary-expr","locations":[{"start":{"line":41,"column":12},"end":{"line":41,"column":31}},{"start":{"line":41,"column":29},"end":{"line":41,"column":31}}]},"22":{"loc":{"start":{"line":59,"column":17},"end":{"line":59,"column":58}},"type":"cond-expr","locations":[{"start":{"line":59,"column":28},"end":{"line":59,"column":51}},{"start":{"line":59,"column":54},"end":{"line":59,"column":58}}]},"23":{"loc":{"start":{"line":77,"column":22},"end":{"line":77,"column":44}},"type":"cond-expr","locations":[{"start":{"line":77,"column":32},"end":{"line":77,"column":36}},{"start":{"line":77,"column":39},"end":{"line":77,"column":44}}]}},"s":{"0":1,"1":1,"2":1,"3":1,"4":1,"5":4,"6":4,"7":4,"8":4,"9":4,"10":13,"11":13,"12":13,"13":4,"14":4,"15":2,"16":2,"17":2,"18":1,"19":1,"20":1,"21":11,"22":8,"23":24,"24":8,"25":1,"26":1},"f":{"0":4,"1":4,"2":13,"3":13,"4":13,"5":4,"6":4,"7":2,"8":2,"9":2,"10":8,"11":24},"b":{"0":[2,11],"1":[13,11],"2":[0,13],"3":[13,13],"4":[0,13],"5":[13,13],"6":[0,13],"7":[13,13],"8":[2,11],"9":[13,11],"10":[0,13],"11":[13,13],"12":[0,13],"13":[13,13],"14":[0,13],"15":[13,13],"16":[0,13],"17":[13,13],"18":[0,13],"19":[13,13],"20":[0,13],"21":[13,13],"22":[1,1],"23":[4,4]}}
,"C:\\Users\\a.aydin\\Desktop\\Personal Apps\\BlueMark-academy\\src\\app\\q12\\q12.component.ts": {"path":"C:\\Users\\a.aydin\\Desktop\\Personal Apps\\BlueMark-academy\\src\\app\\q12\\q12.component.ts","statementMap":{"0":{"start":{"line":1,"column":0},"end":{"line":1,"column":66}},"1":{"start":{"line":8,"column":25},"end":{"line":14,"column":null}},"2":{"start":{"line":12,"column":4},"end":{"line":12,"column":32}},"3":{"start":{"line":8,"column":13},"end":{"line":14,"column":null}},"4":{"start":{"line":8,"column":13},"end":{"line":8,"column":25}},"5":{"start":{"line":29,"column":30},"end":{"line":42,"column":null}},"6":{"start":{"line":30,"column":2},"end":{"line":30,"column":75}},"7":{"start":{"line":34,"column":25},"end":{"line":34,"column":71}},"8":{"start":{"line":35,"column":4},"end":{"line":35,"column":51}},"9":{"start":{"line":40,"column":4},"end":{"line":40,"column":35}},"10":{"start":{"line":29,"column":13},"end":{"line":42,"column":null}},"11":{"start":{"line":29,"column":13},"end":{"line":29,"column":30}}},"fnMap":{"0":{"name":"(anonymous_0)","decl":{"start":{"line":11,"column":2},"end":{"line":11,"column":11}},"loc":{"start":{"line":11,"column":11},"end":{"line":13,"column":3}}},"1":{"name":"(anonymous_2)","decl":{"start":{"line":33,"column":2},"end":{"line":33,"column":16}},"loc":{"start":{"line":33,"column":16},"end":{"line":36,"column":3}}},"2":{"name":"(anonymous_3)","decl":{"start":{"line":38,"column":2},"end":{"line":38,"column":3}},"loc":{"start":{"line":39,"column":21},"end":{"line":41,"column":3}}}},"branchMap":{},"s":{"0":1,"1":1,"2":1,"3":1,"4":1,"5":1,"6":12,"7":2,"8":2,"9":38,"10":1,"11":1},"f":{"0":1,"1":2,"2":38},"b":{}}
,"C:\\Users\\a.aydin\\Desktop\\Personal Apps\\BlueMark-academy\\src\\app\\q13\\q13.component.ts": {"path":"C:\\Users\\a.aydin\\Desktop\\Personal Apps\\BlueMark-academy\\src\\app\\q13\\q13.component.ts","statementMap":{"0":{"start":{"line":1,"column":0},"end":{"line":1,"column":50}},"1":{"start":{"line":2,"column":0},"end":{"line":2,"column":null}},"2":{"start":{"line":21,"column":25},"end":{"line":81,"column":null}},"3":{"start":{"line":24,"column":2},"end":{"line":24,"column":32}},"4":{"start":{"line":25,"column":2},"end":{"line":34,"column":4}},"5":{"start":{"line":35,"column":2},"end":{"line":35,"column":53}},"6":{"start":{"line":38,"column":4},"end":{"line":38,"column":21}},"7":{"start":{"line":42,"column":21},"end":{"line":42,"column":56}},"8":{"start":{"line":43,"column":23},"end":{"line":43,"column":60}},"9":{"start":{"line":45,"column":4},"end":{"line":45,"column":78}},"10":{"start":{"line":49,"column":4},"end":{"line":61,"column":7}},"11":{"start":{"line":62,"column":4},"end":{"line":62,"column":75}},"12":{"start":{"line":66,"column":4},"end":{"line":79,"column":6}},"13":{"start":{"line":67,"column":23},"end":{"line":67,"column":54}},"14":{"start":{"line":68,"column":25},"end":{"line":72,"column":20}},"15":{"start":{"line":74,"column":25},"end":{"line":76,"column":31}},"16":{"start":{"line":75,"column":25},"end":{"line":75,"column":47}},"17":{"start":{"line":78,"column":6},"end":{"line":78,"column":67}},"18":{"start":{"line":21,"column":13},"end":{"line":81,"column":null}},"19":{"start":{"line":21,"column":13},"end":{"line":21,"column":25}}},"fnMap":{"0":{"name":"(anonymous_1)","decl":{"start":{"line":37,"column":2},"end":{"line":37,"column":10}},"loc":{"start":{"line":37,"column":10},"end":{"line":39,"column":3}}},"1":{"name":"(anonymous_2)","decl":{"start":{"line":41,"column":2},"end":{"line":41,"column":6}},"loc":{"start":{"line":41,"column":14},"end":{"line":46,"column":3}}},"2":{"name":"(anonymous_3)","decl":{"start":{"line":48,"column":10},"end":{"line":48,"column":19}},"loc":{"start":{"line":48,"column":19},"end":{"line":63,"column":3}}},"3":{"name":"(anonymous_4)","decl":{"start":{"line":65,"column":10},"end":{"line":65,"column":28}},"loc":{"start":{"line":65,"column":45},"end":{"line":80,"column":3}}},"4":{"name":"(anonymous_5)","decl":{"start":{"line":66,"column":11},"end":{"line":66,"column":12}},"loc":{"start":{"line":66,"column":65},"end":{"line":79,"column":5}}},"5":{"name":"(anonymous_6)","decl":{"start":{"line":75,"column":15},"end":{"line":75,"column":16}},"loc":{"start":{"line":75,"column":25},"end":{"line":75,"column":47}}}},"branchMap":{"0":{"loc":{"start":{"line":42,"column":23},"end":{"line":42,"column":55}},"type":"cond-expr","locations":[{"start":{"line":42,"column":39},"end":{"line":42,"column":41}},{"start":{"line":42,"column":39},"end":{"line":42,"column":55}}]},"1":{"loc":{"start":{"line":42,"column":23},"end":{"line":42,"column":41}},"type":"binary-expr","locations":[{"start":{"line":42,"column":23},"end":{"line":42,"column":41}},{"start":{"line":42,"column":39},"end":{"line":42,"column":41}}]},"2":{"loc":{"start":{"line":43,"column":25},"end":{"line":43,"column":59}},"type":"cond-expr","locations":[{"start":{"line":43,"column":41},"end":{"line":43,"column":43}},{"start":{"line":43,"column":41},"end":{"line":43,"column":59}}]},"3":{"loc":{"start":{"line":43,"column":25},"end":{"line":43,"column":43}},"type":"binary-expr","locations":[{"start":{"line":43,"column":25},"end":{"line":43,"column":43}},{"start":{"line":43,"column":41},"end":{"line":43,"column":43}}]},"4":{"loc":{"start":{"line":45,"column":11},"end":{"line":45,"column":77}},"type":"cond-expr","locations":[{"start":{"line":45,"column":36},"end":{"line":45,"column":70}},{"start":{"line":45,"column":73},"end":{"line":45,"column":77}}]},"5":{"loc":{"start":{"line":45,"column":11},"end":{"line":45,"column":33}},"type":"binary-expr","locations":[{"start":{"line":45,"column":11},"end":{"line":45,"column":19}},{"start":{"line":45,"column":23},"end":{"line":45,"column":33}}]},"6":{"loc":{"start":{"line":45,"column":36},"end":{"line":45,"column":70}},"type":"cond-expr","locations":[{"start":{"line":45,"column":60},"end":{"line":45,"column":62}},{"start":{"line":45,"column":60},"end":{"line":45,"column":70}}]},"7":{"loc":{"start":{"line":45,"column":36},"end":{"line":45,"column":62}},"type":"binary-expr","locations":[{"start":{"line":45,"column":36},"end":{"line":45,"column":62}},{"start":{"line":45,"column":60},"end":{"line":45,"column":62}}]},"8":{"loc":{"start":{"line":45,"column":36},"end":{"line":45,"column":60}},"type":"cond-expr","locations":[{"start":{"line":45,"column":52},"end":{"line":45,"column":54}},{"start":{"line":45,"column":52},"end":{"line":45,"column":60}}]},"9":{"loc":{"start":{"line":45,"column":36},"end":{"line":45,"column":54}},"type":"binary-expr","locations":[{"start":{"line":45,"column":36},"end":{"line":45,"column":54}},{"start":{"line":45,"column":52},"end":{"line":45,"column":54}}]},"10":{"loc":{"start":{"line":67,"column":23},"end":{"line":67,"column":54}},"type":"cond-expr","locations":[{"start":{"line":67,"column":47},"end":{"line":67,"column":49}},{"start":{"line":67,"column":47},"end":{"line":67,"column":54}}]},"11":{"loc":{"start":{"line":67,"column":23},"end":{"line":67,"column":49}},"type":"binary-expr","locations":[{"start":{"line":67,"column":23},"end":{"line":67,"column":49}},{"start":{"line":67,"column":47},"end":{"line":67,"column":49}}]},"12":{"loc":{"start":{"line":67,"column":23},"end":{"line":67,"column":47}},"type":"cond-expr","locations":[{"start":{"line":67,"column":30},"end":{"line":67,"column":32}},{"start":{"line":67,"column":23},"end":{"line":67,"column":47}}]},"13":{"loc":{"start":{"line":67,"column":23},"end":{"line":67,"column":32}},"type":"binary-expr","locations":[{"start":{"line":67,"column":23},"end":{"line":67,"column":32}},{"start":{"line":67,"column":23},"end":{"line":67,"column":32}}]},"14":{"loc":{"start":{"line":68,"column":25},"end":{"line":72,"column":20}},"type":"cond-expr","locations":[{"start":{"line":70,"column":27},"end":{"line":70,"column":null}},{"start":{"line":70,"column":27},"end":{"line":72,"column":20}}]},"15":{"loc":{"start":{"line":68,"column":25},"end":{"line":70,"column":null}},"type":"binary-expr","locations":[{"start":{"line":68,"column":25},"end":{"line":70,"column":null}},{"start":{"line":70,"column":27},"end":{"line":70,"column":null}}]},"16":{"loc":{"start":{"line":68,"column":25},"end":{"line":70,"column":27}},"type":"cond-expr","locations":[{"start":{"line":70,"column":15},"end":{"line":70,"column":17}},{"start":{"line":70,"column":15},"end":{"line":70,"column":27}}]},"17":{"loc":{"start":{"line":68,"column":25},"end":{"line":70,"column":17}},"type":"binary-expr","locations":[{"start":{"line":68,"column":25},"end":{"line":70,"column":17}},{"start":{"line":70,"column":15},"end":{"line":70,"column":17}}]},"18":{"loc":{"start":{"line":68,"column":25},"end":{"line":70,"column":15}},"type":"cond-expr","locations":[{"start":{"line":69,"column":27},"end":{"line":69,"column":null}},{"start":{"line":69,"column":27},"end":{"line":70,"column":15}}]},"19":{"loc":{"start":{"line":68,"column":25},"end":{"line":69,"column":null}},"type":"binary-expr","locations":[{"start":{"line":68,"column":25},"end":{"line":69,"column":null}},{"start":{"line":69,"column":27},"end":{"line":69,"column":null}}]},"20":{"loc":{"start":{"line":68,"column":25},"end":{"line":69,"column":27}},"type":"cond-expr","locations":[{"start":{"line":68,"column":32},"end":{"line":68,"column":null}},{"start":{"line":68,"column":25},"end":{"line":69,"column":27}}]},"21":{"loc":{"start":{"line":68,"column":25},"end":{"line":68,"column":null}},"type":"binary-expr","locations":[{"start":{"line":68,"column":25},"end":{"line":68,"column":null}},{"start":{"line":68,"column":25},"end":{"line":68,"column":null}}]},"22":{"loc":{"start":{"line":74,"column":25},"end":{"line":76,"column":31}},"type":"cond-expr","locations":[{"start":{"line":75,"column":48},"end":{"line":75,"column":null}},{"start":{"line":75,"column":48},"end":{"line":76,"column":31}}]},"23":{"loc":{"start":{"line":74,"column":25},"end":{"line":75,"column":null}},"type":"binary-expr","locations":[{"start":{"line":74,"column":25},"end":{"line":75,"column":null}},{"start":{"line":75,"column":48},"end":{"line":75,"column":null}}]},"24":{"loc":{"start":{"line":74,"column":25},"end":{"line":75,"column":48}},"type":"cond-expr","locations":[{"start":{"line":74,"column":33},"end":{"line":74,"column":null}},{"start":{"line":74,"column":25},"end":{"line":75,"column":48}}]},"25":{"loc":{"start":{"line":74,"column":25},"end":{"line":74,"column":null}},"type":"binary-expr","locations":[{"start":{"line":74,"column":25},"end":{"line":74,"column":null}},{"start":{"line":74,"column":25},"end":{"line":74,"column":null}}]},"26":{"loc":{"start":{"line":78,"column":13},"end":{"line":78,"column":66}},"type":"cond-expr","locations":[{"start":{"line":78,"column":41},"end":{"line":78,"column":45}},{"start":{"line":78,"column":48},"end":{"line":78,"column":66}}]}},"s":{"0":1,"1":1,"2":1,"3":9,"4":9,"5":9,"6":9,"7":54,"8":54,"9":54,"10":9,"11":9,"12":9,"13":39,"14":39,"15":39,"16":74,"17":39,"18":1,"19":1},"f":{"0":9,"1":54,"2":9,"3":9,"4":39,"5":74},"b":{"0":[0,54],"1":[54,54],"2":[0,54],"3":[54,54],"4":[20,34],"5":[54,24],"6":[10,10],"7":[20,10],"8":[0,20],"9":[20,20],"10":[0,39],"11":[39,39],"12":[0,39],"13":[39,39],"14":[0,39],"15":[39,39],"16":[0,39],"17":[39,39],"18":[0,39],"19":[39,39],"20":[0,39],"21":[39,39],"22":[33,6],"23":[39,39],"24":[0,39],"25":[39,39],"26":[2,37]}}
,"C:\\Users\\a.aydin\\Desktop\\Personal Apps\\BlueMark-academy\\src\\app\\q14\\q14.component.ts": {"path":"C:\\Users\\a.aydin\\Desktop\\Personal Apps\\BlueMark-academy\\src\\app\\q14\\q14.component.ts","statementMap":{"0":{"start":{"line":1,"column":0},"end":{"line":1,"column":42}},"1":{"start":{"line":3,"column":0},"end":{"line":3,"column":41}},"2":{"start":{"line":4,"column":0},"end":{"line":4,"column":48}},"3":{"start":{"line":11,"column":25},"end":{"line":34,"column":null}},"4":{"start":{"line":14,"column":2},"end":{"line":14,"column":26}},"5":{"start":{"line":15,"column":2},"end":{"line":15,"column":20}},"6":{"start":{"line":16,"column":2},"end":{"line":16,"column":18}},"7":{"start":{"line":17,"column":2},"end":{"line":17,"column":20}},"8":{"start":{"line":18,"column":2},"end":{"line":18,"column":26}},"9":{"start":{"line":19,"column":2},"end":{"line":19,"column":27}},"10":{"start":{"line":22,"column":4},"end":{"line":22,"column":24}},"11":{"start":{"line":23,"column":4},"end":{"line":32,"column":6}},"12":{"start":{"line":24,"column":25},"end":{"line":24,"column":50}},"13":{"start":{"line":26,"column":8},"end":{"line":30,"column":null}},"14":{"start":{"line":27,"column":10},"end":{"line":27,"column":32}},"15":{"start":{"line":29,"column":10},"end":{"line":29,"column":33}},"16":{"start":{"line":11,"column":13},"end":{"line":34,"column":null}},"17":{"start":{"line":11,"column":13},"end":{"line":11,"column":25}}},"fnMap":{"0":{"name":"(anonymous_1)","decl":{"start":{"line":21,"column":2},"end":{"line":21,"column":10}},"loc":{"start":{"line":21,"column":10},"end":{"line":33,"column":3}}},"1":{"name":"(anonymous_2)","decl":{"start":{"line":24,"column":16},"end":{"line":24,"column":17}},"loc":{"start":{"line":24,"column":25},"end":{"line":24,"column":50}}},"2":{"name":"(anonymous_3)","decl":{"start":{"line":25,"column":10},"end":{"line":25,"column":11}},"loc":{"start":{"line":25,"column":28},"end":{"line":31,"column":7}}}},"branchMap":{"0":{"loc":{"start":{"line":26,"column":8},"end":{"line":30,"column":null}},"type":"if","locations":[{"start":{"line":26,"column":8},"end":{"line":30,"column":null}},{"start":{"line":28,"column":15},"end":{"line":30,"column":null}}]}},"s":{"0":1,"1":1,"2":1,"3":1,"4":10,"5":10,"6":10,"7":10,"8":10,"9":10,"10":7,"11":7,"12":25,"13":20,"14":5,"15":15,"16":1,"17":1},"f":{"0":7,"1":25,"2":20},"b":{"0":[5,15]}}
,"C:\\Users\\a.aydin\\Desktop\\Personal Apps\\BlueMark-academy\\src\\app\\q15\\q15.component.ts": {"path":"C:\\Users\\a.aydin\\Desktop\\Personal Apps\\BlueMark-academy\\src\\app\\q15\\q15.component.ts","statementMap":{"0":{"start":{"line":1,"column":0},"end":{"line":1,"column":54}},"1":{"start":{"line":3,"column":0},"end":{"line":3,"column":60}},"2":{"start":{"line":4,"column":0},"end":{"line":4,"column":43}},"3":{"start":{"line":11,"column":25},"end":{"line":27,"column":null}},"4":{"start":{"line":14,"column":22},"end":{"line":14,"column":34}},"5":{"start":{"line":17,"column":4},"end":{"line":25,"column":19}},"6":{"start":{"line":22,"column":10},"end":{"line":22,"column":29}},"7":{"start":{"line":11,"column":13},"end":{"line":27,"column":null}},"8":{"start":{"line":11,"column":13},"end":{"line":11,"column":25}},"9":{"start":{"line":32,"column":23},"end":{"line":38,"column":null}},"10":{"start":{"line":33,"column":2},"end":{"line":33,"column":39}},"11":{"start":{"line":36,"column":4},"end":{"line":36,"column":50}},"12":{"start":{"line":32,"column":13},"end":{"line":38,"column":null}},"13":{"start":{"line":32,"column":13},"end":{"line":32,"column":23}}},"fnMap":{"0":{"name":"(anonymous_0)","decl":{"start":{"line":14,"column":2},"end":{"line":14,"column":22}},"loc":{"start":{"line":14,"column":44},"end":{"line":14,"column":48}}},"1":{"name":"(anonymous_1)","decl":{"start":{"line":16,"column":2},"end":{"line":16,"column":13}},"loc":{"start":{"line":16,"column":13},"end":{"line":26,"column":3}}},"2":{"name":"(anonymous_2)","decl":{"start":{"line":21,"column":12},"end":{"line":21,"column":13}},"loc":{"start":{"line":21,"column":32},"end":{"line":23,"column":9}}},"3":{"name":"(anonymous_5)","decl":{"start":{"line":35,"column":2},"end":{"line":35,"column":10}},"loc":{"start":{"line":35,"column":10},"end":{"line":37,"column":3}}}},"branchMap":{},"s":{"0":1,"1":1,"2":1,"3":1,"4":7,"5":4,"6":4,"7":1,"8":1,"9":1,"10":9,"11":5,"12":1,"13":1},"f":{"0":7,"1":4,"2":4,"3":5},"b":{}}
,"C:\\Users\\a.aydin\\Desktop\\Personal Apps\\BlueMark-academy\\src\\app\\q16\\q16.component.ts": {"path":"C:\\Users\\a.aydin\\Desktop\\Personal Apps\\BlueMark-academy\\src\\app\\q16\\q16.component.ts","statementMap":{"0":{"start":{"line":1,"column":0},"end":{"line":1,"column":50}},"1":{"start":{"line":3,"column":0},"end":{"line":3,"column":66}},"2":{"start":{"line":4,"column":0},"end":{"line":4,"column":43}},"3":{"start":{"line":26,"column":25},"end":{"line":74,"column":null}},"4":{"start":{"line":27,"column":2},"end":{"line":43,"column":4}},"5":{"start":{"line":44,"column":2},"end":{"line":53,"column":4}},"6":{"start":{"line":54,"column":2},"end":{"line":54,"column":26}},"7":{"start":{"line":56,"column":10},"end":{"line":56,"column":59}},"8":{"start":{"line":57,"column":10},"end":{"line":57,"column":61}},"9":{"start":{"line":61,"column":4},"end":{"line":72,"column":6}},"10":{"start":{"line":64,"column":8},"end":{"line":70,"column":11}},"11":{"start":{"line":65,"column":10},"end":{"line":69,"column":12}},"12":{"start":{"line":68,"column":42},"end":{"line":68,"column":63}},"13":{"start":{"line":26,"column":13},"end":{"line":74,"column":null}},"14":{"start":{"line":26,"column":13},"end":{"line":26,"column":25}}},"fnMap":{"0":{"name":"(anonymous_1)","decl":{"start":{"line":60,"column":2},"end":{"line":60,"column":10}},"loc":{"start":{"line":60,"column":10},"end":{"line":73,"column":3}}},"1":{"name":"(anonymous_2)","decl":{"start":{"line":63,"column":10},"end":{"line":63,"column":11}},"loc":{"start":{"line":63,"column":30},"end":{"line":71,"column":7}}},"2":{"name":"(anonymous_3)","decl":{"start":{"line":64,"column":25},"end":{"line":64,"column":26}},"loc":{"start":{"line":64,"column":40},"end":{"line":70,"column":9}}},"3":{"name":"(anonymous_4)","decl":{"start":{"line":68,"column":34},"end":{"line":68,"column":35}},"loc":{"start":{"line":68,"column":42},"end":{"line":68,"column":63}}}},"branchMap":{"0":{"loc":{"start":{"line":68,"column":22},"end":{"line":68,"column":74}},"type":"cond-expr","locations":[{"start":{"line":68,"column":64},"end":{"line":68,"column":66}},{"start":{"line":68,"column":64},"end":{"line":68,"column":74}}]},"1":{"loc":{"start":{"line":68,"column":22},"end":{"line":68,"column":66}},"type":"binary-expr","locations":[{"start":{"line":68,"column":22},"end":{"line":68,"column":66}},{"start":{"line":68,"column":64},"end":{"line":68,"column":66}}]}},"s":{"0":1,"1":1,"2":1,"3":1,"4":4,"5":4,"6":4,"7":4,"8":4,"9":4,"10":7,"11":21,"12":35,"13":1,"14":1},"f":{"0":4,"1":7,"2":21,"3":35},"b":{"0":[7,14],"1":[21,21]}}
,"C:\\Users\\a.aydin\\Desktop\\Personal Apps\\BlueMark-academy\\src\\app\\q17\\q17.component.ts": {"path":"C:\\Users\\a.aydin\\Desktop\\Personal Apps\\BlueMark-academy\\src\\app\\q17\\q17.component.ts","statementMap":{"0":{"start":{"line":1,"column":0},"end":{"line":1,"column":null}},"1":{"start":{"line":10,"column":0},"end":{"line":10,"column":null}},"2":{"start":{"line":25,"column":25},"end":{"line":44,"column":null}},"3":{"start":{"line":29,"column":4},"end":{"line":29,"column":21}},"4":{"start":{"line":33,"column":4},"end":{"line":33,"column":56}},"5":{"start":{"line":37,"column":4},"end":{"line":42,"column":7}},"6":{"start":{"line":25,"column":13},"end":{"line":44,"column":null}},"7":{"start":{"line":25,"column":13},"end":{"line":25,"column":25}},"8":{"start":{"line":58,"column":30},"end":{"line":95,"column":null}},"9":{"start":{"line":74,"column":22},"end":{"line":74,"column":40}},"10":{"start":{"line":68,"column":4},"end":{"line":71,"column":6}},"11":{"start":{"line":77,"column":4},"end":{"line":77,"column":47}},"12":{"start":{"line":81,"column":4},"end":{"line":81,"column":67}},"13":{"start":{"line":85,"column":4},"end":{"line":85,"column":66}},"14":{"start":{"line":89,"column":4},"end":{"line":89,"column":61}},"15":{"start":{"line":93,"column":4},"end":{"line":93,"column":75}},"16":{"start":{"line":58,"column":13},"end":{"line":95,"column":null}},"17":{"start":{"line":54,"column":36},"end":{"line":54,"column":53}},"18":{"start":{"line":58,"column":13},"end":{"line":58,"column":30}}},"fnMap":{"0":{"name":"(anonymous_0)","decl":{"start":{"line":28,"column":2},"end":{"line":28,"column":10}},"loc":{"start":{"line":28,"column":10},"end":{"line":30,"column":3}}},"1":{"name":"(anonymous_1)","decl":{"start":{"line":32,"column":2},"end":{"line":32,"column":6}},"loc":{"start":{"line":32,"column":10},"end":{"line":34,"column":3}}},"2":{"name":"(anonymous_2)","decl":{"start":{"line":36,"column":10},"end":{"line":36,"column":19}},"loc":{"start":{"line":36,"column":19},"end":{"line":43,"column":3}}},"3":{"name":"(anonymous_3)","decl":{"start":{"line":74,"column":2},"end":{"line":74,"column":22}},"loc":{"start":{"line":74,"column":40},"end":{"line":74,"column":44}}},"4":{"name":"(anonymous_4)","decl":{"start":{"line":67,"column":2},"end":{"line":67,"column":6}},"loc":{"start":{"line":67,"column":13},"end":{"line":72,"column":3}}},"5":{"name":"(anonymous_5)","decl":{"start":{"line":76,"column":2},"end":{"line":76,"column":6}},"loc":{"start":{"line":76,"column":22},"end":{"line":78,"column":3}}},"6":{"name":"(anonymous_6)","decl":{"start":{"line":80,"column":2},"end":{"line":80,"column":19}},"loc":{"start":{"line":80,"column":27},"end":{"line":82,"column":3}}},"7":{"name":"(anonymous_7)","decl":{"start":{"line":84,"column":2},"end":{"line":84,"column":18}},"loc":{"start":{"line":84,"column":26},"end":{"line":86,"column":3}}},"8":{"name":"(anonymous_8)","decl":{"start":{"line":88,"column":2},"end":{"line":88,"column":12}},"loc":{"start":{"line":88,"column":21},"end":{"line":90,"column":3}}},"9":{"name":"(anonymous_9)","decl":{"start":{"line":92,"column":2},"end":{"line":92,"column":18}},"loc":{"start":{"line":92,"column":38},"end":{"line":94,"column":3}}},"10":{"name":"(anonymous_11)","decl":{"start":{"line":54,"column":30},"end":{"line":54,"column":33}},"loc":{"start":{"line":54,"column":36},"end":{"line":54,"column":53}}}},"branchMap":{"0":{"loc":{"start":{"line":69,"column":6},"end":{"line":70,"column":null}},"type":"binary-expr","locations":[{"start":{"line":69,"column":6},"end":{"line":69,"column":22}},{"start":{"line":70,"column":6},"end":{"line":70,"column":62}}]},"1":{"loc":{"start":{"line":70,"column":6},"end":{"line":70,"column":62}},"type":"cond-expr","locations":[{"start":{"line":70,"column":35},"end":{"line":70,"column":37}},{"start":{"line":70,"column":35},"end":{"line":70,"column":62}}]},"2":{"loc":{"start":{"line":70,"column":6},"end":{"line":70,"column":37}},"type":"binary-expr","locations":[{"start":{"line":70,"column":6},"end":{"line":70,"column":37}},{"start":{"line":70,"column":35},"end":{"line":70,"column":37}}]},"3":{"loc":{"start":{"line":81,"column":4},"end":{"line":81,"column":66}},"type":"cond-expr","locations":[{"start":{"line":81,"column":43},"end":{"line":81,"column":45}},{"start":{"line":81,"column":43},"end":{"line":81,"column":66}}]},"4":{"loc":{"start":{"line":81,"column":4},"end":{"line":81,"column":45}},"type":"binary-expr","locations":[{"start":{"line":81,"column":4},"end":{"line":81,"column":45}},{"start":{"line":81,"column":43},"end":{"line":81,"column":45}}]},"5":{"loc":{"start":{"line":85,"column":4},"end":{"line":85,"column":65}},"type":"cond-expr","locations":[{"start":{"line":85,"column":43},"end":{"line":85,"column":45}},{"start":{"line":85,"column":43},"end":{"line":85,"column":65}}]},"6":{"loc":{"start":{"line":85,"column":4},"end":{"line":85,"column":45}},"type":"binary-expr","locations":[{"start":{"line":85,"column":4},"end":{"line":85,"column":45}},{"start":{"line":85,"column":43},"end":{"line":85,"column":45}}]},"7":{"loc":{"start":{"line":89,"column":4},"end":{"line":89,"column":60}},"type":"cond-expr","locations":[{"start":{"line":89,"column":43},"end":{"line":89,"column":45}},{"start":{"line":89,"column":43},"end":{"line":89,"column":60}}]},"8":{"loc":{"start":{"line":89,"column":4},"end":{"line":89,"column":45}},"type":"binary-expr","locations":[{"start":{"line":89,"column":4},"end":{"line":89,"column":45}},{"start":{"line":89,"column":43},"end":{"line":89,"column":45}}]},"9":{"loc":{"start":{"line":93,"column":4},"end":{"line":93,"column":74}},"type":"cond-expr","locations":[{"start":{"line":93,"column":43},"end":{"line":93,"column":45}},{"start":{"line":93,"column":43},"end":{"line":93,"column":74}}]},"10":{"loc":{"start":{"line":93,"column":4},"end":{"line":93,"column":45}},"type":"binary-expr","locations":[{"start":{"line":93,"column":4},"end":{"line":93,"column":45}},{"start":{"line":93,"column":43},"end":{"line":93,"column":45}}]}},"s":{"0":1,"1":1,"2":1,"3":4,"4":32,"5":4,"6":1,"7":1,"8":1,"9":10,"10":20,"11":20,"12":8,"13":8,"14":5,"15":1,"16":1,"17":4,"18":1},"f":{"0":4,"1":32,"2":4,"3":10,"4":20,"5":20,"6":8,"7":8,"8":5,"9":1,"10":4},"b":{"0":[20,20],"1":[0,20],"2":[20,20],"3":[0,8],"4":[8,8],"5":[0,8],"6":[8,8],"7":[0,5],"8":[5,5],"9":[0,1],"10":[1,1]}}
,"C:\\Users\\a.aydin\\Desktop\\Personal Apps\\BlueMark-academy\\src\\app\\q18\\q18.component.ts": {"path":"C:\\Users\\a.aydin\\Desktop\\Personal Apps\\BlueMark-academy\\src\\app\\q18\\q18.component.ts","statementMap":{"0":{"start":{"line":1,"column":0},"end":{"line":1,"column":null}},"1":{"start":{"line":16,"column":25},"end":{"line":45,"column":null}},"2":{"start":{"line":25,"column":2},"end":{"line":25,"column":31}},"3":{"start":{"line":28,"column":4},"end":{"line":28,"column":40}},"4":{"start":{"line":31,"column":4},"end":{"line":31,"column":50}},"5":{"start":{"line":34,"column":4},"end":{"line":34,"column":53}},"6":{"start":{"line":37,"column":4},"end":{"line":37,"column":47}},"7":{"start":{"line":40,"column":4},"end":{"line":40,"column":50}},"8":{"start":{"line":43,"column":4},"end":{"line":43,"column":43}},"9":{"start":{"line":16,"column":13},"end":{"line":45,"column":null}},"10":{"start":{"line":16,"column":13},"end":{"line":16,"column":25}}},"fnMap":{"0":{"name":"(anonymous_1)","decl":{"start":{"line":27,"column":2},"end":{"line":27,"column":10}},"loc":{"start":{"line":27,"column":10},"end":{"line":29,"column":3}}},"1":{"name":"(anonymous_2)","decl":{"start":{"line":30,"column":2},"end":{"line":30,"column":20}},"loc":{"start":{"line":30,"column":20},"end":{"line":32,"column":3}}},"2":{"name":"(anonymous_3)","decl":{"start":{"line":33,"column":2},"end":{"line":33,"column":23}},"loc":{"start":{"line":33,"column":23},"end":{"line":35,"column":3}}},"3":{"name":"(anonymous_4)","decl":{"start":{"line":36,"column":2},"end":{"line":36,"column":17}},"loc":{"start":{"line":36,"column":17},"end":{"line":38,"column":3}}},"4":{"name":"(anonymous_5)","decl":{"start":{"line":39,"column":2},"end":{"line":39,"column":20}},"loc":{"start":{"line":39,"column":20},"end":{"line":41,"column":3}}},"5":{"name":"(anonymous_6)","decl":{"start":{"line":42,"column":2},"end":{"line":42,"column":13}},"loc":{"start":{"line":42,"column":13},"end":{"line":44,"column":3}}}},"branchMap":{},"s":{"0":1,"1":1,"2":8,"3":8,"4":8,"5":16,"6":8,"7":16,"8":8,"9":1,"10":1},"f":{"0":8,"1":8,"2":16,"3":8,"4":16,"5":8},"b":{}}
,"C:\\Users\\a.aydin\\Desktop\\Personal Apps\\BlueMark-academy\\src\\app\\q19\\q19.component.ts": {"path":"C:\\Users\\a.aydin\\Desktop\\Personal Apps\\BlueMark-academy\\src\\app\\q19\\q19.component.ts","statementMap":{"0":{"start":{"line":1,"column":0},"end":{"line":1,"column":42}},"1":{"start":{"line":37,"column":25},"end":{"line":48,"column":null}},"2":{"start":{"line":42,"column":4},"end":{"line":42,"column":21}},"3":{"start":{"line":46,"column":4},"end":{"line":46,"column":33}},"4":{"start":{"line":37,"column":13},"end":{"line":48,"column":null}},"5":{"start":{"line":37,"column":13},"end":{"line":37,"column":25}}},"fnMap":{"0":{"name":"(anonymous_0)","decl":{"start":{"line":41,"column":2},"end":{"line":41,"column":9}},"loc":{"start":{"line":41,"column":20},"end":{"line":43,"column":3}}},"1":{"name":"(anonymous_1)","decl":{"start":{"line":45,"column":2},"end":{"line":45,"column":15}},"loc":{"start":{"line":45,"column":38},"end":{"line":47,"column":3}}}},"branchMap":{},"s":{"0":1,"1":1,"2":3,"3":2,"4":1,"5":1},"f":{"0":3,"1":2},"b":{}}
,"C:\\Users\\a.aydin\\Desktop\\Personal Apps\\BlueMark-academy\\src\\app\\q2\\q2.component.ts": {"path":"C:\\Users\\a.aydin\\Desktop\\Personal Apps\\BlueMark-academy\\src\\app\\q2\\q2.component.ts","statementMap":{"0":{"start":{"line":1,"column":0},"end":{"line":1,"column":42}},"1":{"start":{"line":8,"column":24},"end":{"line":10,"column":null}},"2":{"start":{"line":9,"column":2},"end":{"line":9,"column":19}},"3":{"start":{"line":8,"column":13},"end":{"line":10,"column":null}},"4":{"start":{"line":8,"column":13},"end":{"line":8,"column":24}}},"fnMap":{},"branchMap":{},"s":{"0":1,"1":1,"2":2,"3":1,"4":1},"f":{},"b":{}}
,"C:\\Users\\a.aydin\\Desktop\\Personal Apps\\BlueMark-academy\\src\\app\\q3\\q3.component.ts": {"path":"C:\\Users\\a.aydin\\Desktop\\Personal Apps\\BlueMark-academy\\src\\app\\q3\\q3.component.ts","statementMap":{"0":{"start":{"line":1,"column":0},"end":{"line":1,"column":42}},"1":{"start":{"line":14,"column":24},"end":{"line":48,"column":null}},"2":{"start":{"line":15,"column":2},"end":{"line":15,"column":59}},"3":{"start":{"line":16,"column":2},"end":{"line":16,"column":18}},"4":{"start":{"line":17,"column":2},"end":{"line":38,"column":4}},"5":{"start":{"line":41,"column":4},"end":{"line":46,"column":7}},"6":{"start":{"line":42,"column":6},"end":{"line":45,"column":8}},"7":{"start":{"line":14,"column":13},"end":{"line":48,"column":null}},"8":{"start":{"line":14,"column":13},"end":{"line":14,"column":24}}},"fnMap":{"0":{"name":"(anonymous_1)","decl":{"start":{"line":40,"column":2},"end":{"line":40,"column":6}},"loc":{"start":{"line":40,"column":12},"end":{"line":47,"column":3}}},"1":{"name":"(anonymous_2)","decl":{"start":{"line":41,"column":33},"end":{"line":41,"column":34}},"loc":{"start":{"line":41,"column":42},"end":{"line":46,"column":5}}}},"branchMap":{"0":{"loc":{"start":{"line":43,"column":8},"end":{"line":44,"column":20}},"type":"binary-expr","locations":[{"start":{"line":43,"column":8},"end":{"line":43,"column":71}},{"start":{"line":44,"column":8},"end":{"line":44,"column":20}}]}},"s":{"0":1,"1":1,"2":8,"3":8,"4":8,"5":115,"6":460,"7":1,"8":1},"f":{"0":115,"1":460},"b":{"0":[460,241]}}
,"C:\\Users\\a.aydin\\Desktop\\Personal Apps\\BlueMark-academy\\src\\app\\q4\\q4.component.ts": {"path":"C:\\Users\\a.aydin\\Desktop\\Personal Apps\\BlueMark-academy\\src\\app\\q4\\q4.component.ts","statementMap":{"0":{"start":{"line":1,"column":0},"end":{"line":1,"column":49}},"1":{"start":{"line":8,"column":24},"end":{"line":14,"column":null}},"2":{"start":{"line":9,"column":2},"end":{"line":9,"column":14}},"3":{"start":{"line":12,"column":4},"end":{"line":12,"column":19}},"4":{"start":{"line":8,"column":13},"end":{"line":14,"column":null}},"5":{"start":{"line":8,"column":13},"end":{"line":8,"column":24}},"6":{"start":{"line":22,"column":29},"end":{"line":24,"column":null}},"7":{"start":{"line":22,"column":13},"end":{"line":24,"column":null}},"8":{"start":{"line":22,"column":13},"end":{"line":22,"column":29}}},"fnMap":{"0":{"name":"(anonymous_1)","decl":{"start":{"line":11,"column":2},"end":{"line":11,"column":9}},"loc":{"start":{"line":11,"column":9},"end":{"line":13,"column":3}}}},"branchMap":{},"s":{"0":1,"1":1,"2":4,"3":2,"4":1,"5":1,"6":1,"7":1,"8":1},"f":{"0":2},"b":{}}
,"C:\\Users\\a.aydin\\Desktop\\Personal Apps\\BlueMark-academy\\src\\app\\q5\\q5.component.ts": {"path":"C:\\Users\\a.aydin\\Desktop\\Personal Apps\\BlueMark-academy\\src\\app\\q5\\q5.component.ts","statementMap":{"0":{"start":{"line":1,"column":0},"end":{"line":1,"column":64}},"1":{"start":{"line":8,"column":24},"end":{"line":14,"column":null}},"2":{"start":{"line":9,"column":2},"end":{"line":9,"column":12}},"3":{"start":{"line":12,"column":4},"end":{"line":12,"column":22}},"4":{"start":{"line":8,"column":13},"end":{"line":14,"column":null}},"5":{"start":{"line":8,"column":13},"end":{"line":8,"column":24}},"6":{"start":{"line":23,"column":29},"end":{"line":31,"column":null}},"7":{"start":{"line":24,"column":2},"end":{"line":24,"column":13}},"8":{"start":{"line":26,"column":12},"end":{"line":26,"column":62}},"9":{"start":{"line":29,"column":4},"end":{"line":29,"column":33}},"10":{"start":{"line":23,"column":13},"end":{"line":31,"column":null}},"11":{"start":{"line":23,"column":13},"end":{"line":23,"column":29}}},"fnMap":{"0":{"name":"(anonymous_1)","decl":{"start":{"line":11,"column":2},"end":{"line":11,"column":10}},"loc":{"start":{"line":11,"column":24},"end":{"line":13,"column":3}}},"1":{"name":"(anonymous_3)","decl":{"start":{"line":28,"column":2},"end":{"line":28,"column":9}},"loc":{"start":{"line":28,"column":9},"end":{"line":30,"column":3}}}},"branchMap":{},"s":{"0":1,"1":1,"2":3,"3":2,"4":1,"5":1,"6":1,"7":3,"8":3,"9":1,"10":1,"11":1},"f":{"0":2,"1":1},"b":{}}
,"C:\\Users\\a.aydin\\Desktop\\Personal Apps\\BlueMark-academy\\src\\app\\q6\\q6.component.ts": {"path":"C:\\Users\\a.aydin\\Desktop\\Personal Apps\\BlueMark-academy\\src\\app\\q6\\q6.component.ts","statementMap":{"0":{"start":{"line":1,"column":0},"end":{"line":1,"column":50}},"1":{"start":{"line":2,"column":0},"end":{"line":2,"column":68}},"2":{"start":{"line":9,"column":24},"end":{"line":29,"column":null}},"3":{"start":{"line":10,"column":2},"end":{"line":10,"column":23}},"4":{"start":{"line":14,"column":4},"end":{"line":14,"column":21}},"5":{"start":{"line":18,"column":4},"end":{"line":18,"column":29}},"6":{"start":{"line":22,"column":4},"end":{"line":27,"column":7}},"7":{"start":{"line":9,"column":13},"end":{"line":29,"column":null}},"8":{"start":{"line":9,"column":13},"end":{"line":9,"column":24}}},"fnMap":{"0":{"name":"(anonymous_1)","decl":{"start":{"line":13,"column":2},"end":{"line":13,"column":10}},"loc":{"start":{"line":13,"column":10},"end":{"line":15,"column":3}}},"1":{"name":"(anonymous_2)","decl":{"start":{"line":17,"column":2},"end":{"line":17,"column":10}},"loc":{"start":{"line":17,"column":10},"end":{"line":19,"column":3}}},"2":{"name":"(anonymous_3)","decl":{"start":{"line":21,"column":10},"end":{"line":21,"column":19}},"loc":{"start":{"line":21,"column":19},"end":{"line":28,"column":3}}}},"branchMap":{},"s":{"0":1,"1":1,"2":1,"3":5,"4":5,"5":1,"6":5,"7":1,"8":1},"f":{"0":5,"1":1,"2":5},"b":{}}
,"C:\\Users\\a.aydin\\Desktop\\Personal Apps\\BlueMark-academy\\src\\app\\q7\\q7.component.ts": {"path":"C:\\Users\\a.aydin\\Desktop\\Personal Apps\\BlueMark-academy\\src\\app\\q7\\q7.component.ts","statementMap":{"0":{"start":{"line":1,"column":0},"end":{"line":1,"column":63}},"1":{"start":{"line":8,"column":24},"end":{"line":10,"column":null}},"2":{"start":{"line":9,"column":2},"end":{"line":9,"column":13}},"3":{"start":{"line":8,"column":13},"end":{"line":10,"column":null}},"4":{"start":{"line":8,"column":13},"end":{"line":8,"column":24}},"5":{"start":{"line":15,"column":25},"end":{"line":25,"column":null}},"6":{"start":{"line":17,"column":4},"end":{"line":17,"column":26}},"7":{"start":{"line":17,"column":16},"end":{"line":17,"column":26}},"8":{"start":{"line":18,"column":4},"end":{"line":23,"column":16}},"9":{"start":{"line":21,"column":8},"end":{"line":21,"column":63}},"10":{"start":{"line":15,"column":13},"end":{"line":25,"column":null}},"11":{"start":{"line":15,"column":13},"end":{"line":15,"column":25}}},"fnMap":{"0":{"name":"(anonymous_1)","decl":{"start":{"line":16,"column":2},"end":{"line":16,"column":11}},"loc":{"start":{"line":16,"column":25},"end":{"line":24,"column":3}}},"1":{"name":"(anonymous_2)","decl":{"start":{"line":20,"column":11},"end":{"line":20,"column":12}},"loc":{"start":{"line":21,"column":8},"end":{"line":21,"column":63}}}},"branchMap":{"0":{"loc":{"start":{"line":17,"column":4},"end":{"line":17,"column":26}},"type":"if","locations":[{"start":{"line":17,"column":4},"end":{"line":17,"column":26}}]},"1":{"loc":{"start":{"line":21,"column":8},"end":{"line":21,"column":63}},"type":"cond-expr","locations":[{"start":{"line":21,"column":20},"end":{"line":21,"column":40}},{"start":{"line":21,"column":43},"end":{"line":21,"column":63}}]}},"s":{"0":1,"1":1,"2":3,"3":1,"4":1,"5":1,"6":7,"7":4,"8":3,"9":29,"10":1,"11":1},"f":{"0":7,"1":29},"b":{"0":[4],"1":[14,15]}}
,"C:\\Users\\a.aydin\\Desktop\\Personal Apps\\BlueMark-academy\\src\\app\\q8\\q8.component.ts": {"path":"C:\\Users\\a.aydin\\Desktop\\Personal Apps\\BlueMark-academy\\src\\app\\q8\\q8.component.ts","statementMap":{"0":{"start":{"line":1,"column":0},"end":{"line":1,"column":null}},"1":{"start":{"line":14,"column":24},"end":{"line":14,"column":null}},"2":{"start":{"line":14,"column":13},"end":{"line":14,"column":null}},"3":{"start":{"line":14,"column":13},"end":{"line":14,"column":24}},"4":{"start":{"line":19,"column":33},"end":{"line":34,"column":null}},"5":{"start":{"line":22,"column":22},"end":{"line":22,"column":36}},"6":{"start":{"line":25,"column":4},"end":{"line":25,"column":31}},"7":{"start":{"line":29,"column":4},"end":{"line":29,"column":23}},"8":{"start":{"line":32,"column":4},"end":{"line":32,"column":56}},"9":{"start":{"line":19,"column":13},"end":{"line":34,"column":null}},"10":{"start":{"line":19,"column":13},"end":{"line":19,"column":33}}},"fnMap":{"0":{"name":"(anonymous_0)","decl":{"start":{"line":22,"column":2},"end":{"line":22,"column":22}},"loc":{"start":{"line":22,"column":36},"end":{"line":22,"column":40}}},"1":{"name":"(anonymous_1)","decl":{"start":{"line":24,"column":30},"end":{"line":24,"column":42}},"loc":{"start":{"line":24,"column":42},"end":{"line":26,"column":3}}},"2":{"name":"(anonymous_2)","decl":{"start":{"line":28,"column":30},"end":{"line":28,"column":42}},"loc":{"start":{"line":28,"column":42},"end":{"line":30,"column":3}}},"3":{"name":"(anonymous_3)","decl":{"start":{"line":31,"column":10},"end":{"line":31,"column":19}},"loc":{"start":{"line":31,"column":33},"end":{"line":33,"column":3}}}},"branchMap":{},"s":{"0":1,"1":1,"2":1,"3":1,"4":1,"5":16,"6":6,"7":1,"8":7,"9":1,"10":1},"f":{"0":16,"1":6,"2":1,"3":7},"b":{}}
,"C:\\Users\\a.aydin\\Desktop\\Personal Apps\\BlueMark-academy\\src\\app\\q9\\q9.component.ts": {"path":"C:\\Users\\a.aydin\\Desktop\\Personal Apps\\BlueMark-academy\\src\\app\\q9\\q9.component.ts","statementMap":{"0":{"start":{"line":1,"column":0},"end":{"line":1,"column":62}},"1":{"start":{"line":10,"column":24},"end":{"line":16,"column":null}},"2":{"start":{"line":14,"column":4},"end":{"line":14,"column":23}},"3":{"start":{"line":10,"column":13},"end":{"line":16,"column":null}},"4":{"start":{"line":10,"column":13},"end":{"line":10,"column":24}},"5":{"start":{"line":40,"column":29},"end":{"line":47,"column":null}},"6":{"start":{"line":45,"column":4},"end":{"line":45,"column":38}},"7":{"start":{"line":40,"column":13},"end":{"line":47,"column":null}},"8":{"start":{"line":40,"column":13},"end":{"line":40,"column":29}}},"fnMap":{"0":{"name":"(anonymous_0)","decl":{"start":{"line":13,"column":2},"end":{"line":13,"column":9}},"loc":{"start":{"line":13,"column":28},"end":{"line":15,"column":3}}},"1":{"name":"(anonymous_1)","decl":{"start":{"line":43,"column":2},"end":{"line":43,"column":3}},"loc":{"start":{"line":44,"column":13},"end":{"line":46,"column":3}}}},"branchMap":{},"s":{"0":1,"1":1,"2":3,"3":1,"4":1,"5":1,"6":26,"7":1,"8":1},"f":{"0":3,"1":26},"b":{}}
}
