TN:
SF:src\app\app.component.ts
FNF:0
FNH:0
DA:1,1
DA:8,1
DA:9,2
LF:3
LH:3
BRF:0
BRH:0
end_of_record
TN:
SF:src\app\q1\q1.component.ts
FN:11,(anonymous_1)
FNF:1
FNH:1
FNDA:2,(anonymous_1)
DA:1,1
DA:8,1
DA:9,3
DA:12,2
DA:13,1
DA:15,1
LF:6
LH:6
BRDA:12,0,0,1
BRDA:12,0,1,1
BRF:2
BRH:2
end_of_record
TN:
SF:src\app\q2\q2.component.ts
FNF:0
FNH:0
DA:1,1
DA:8,1
DA:9,2
LF:3
LH:3
BRF:0
BRH:0
end_of_record
TN:
SF:src\app\q3\q3.component.ts
FN:40,(anonymous_1)
FN:41,(anonymous_2)
FNF:2
FNH:2
FNDA:115,(anonymous_1)
FNDA:460,(anonymous_2)
DA:1,1
DA:14,1
DA:15,8
DA:16,8
DA:17,8
DA:41,115
DA:42,460
LF:7
LH:7
BRDA:43,0,0,460
BRDA:43,0,1,241
BRF:2
BRH:2
end_of_record
TN:
SF:src\app\q4\q4.component.ts
FN:11,(anonymous_1)
FNF:1
FNH:1
FNDA:2,(anonymous_1)
DA:1,1
DA:8,1
DA:9,4
DA:12,2
DA:22,1
LF:5
LH:5
BRF:0
BRH:0
end_of_record
TN:
SF:src\app\q5\q5.component.ts
FN:11,(anonymous_1)
FN:28,(anonymous_3)
FNF:2
FNH:2
FNDA:2,(anonymous_1)
FNDA:1,(anonymous_3)
DA:1,1
DA:8,1
DA:9,3
DA:12,2
DA:23,1
DA:24,3
DA:26,3
DA:29,1
LF:8
LH:8
BRF:0
BRH:0
end_of_record
TN:
SF:src\app\q6\q6.component.ts
FN:13,(anonymous_1)
FN:17,(anonymous_2)
FN:21,(anonymous_3)
FNF:3
FNH:3
FNDA:5,(anonymous_1)
FNDA:1,(anonymous_2)
FNDA:5,(anonymous_3)
DA:1,1
DA:2,1
DA:9,1
DA:10,5
DA:14,5
DA:18,1
DA:22,5
LF:7
LH:7
BRF:0
BRH:0
end_of_record
