TN:
SF:src\app\app.component.ts
FNF:0
FNH:0
DA:1,1
DA:8,1
DA:9,2
LF:3
LH:3
BRF:0
BRH:0
end_of_record
TN:
SF:src\app\q1\q1.component.ts
FN:11,(anonymous_1)
FNF:1
FNH:1
FNDA:2,(anonymous_1)
DA:1,1
DA:8,1
DA:9,3
DA:12,2
DA:13,1
DA:15,1
LF:6
LH:6
BRDA:12,0,0,1
BRDA:12,0,1,1
BRF:2
BRH:2
end_of_record
TN:
SF:src\app\q10\q10.component.ts
FN:21,(anonymous_0)
FN:23,(anonymous_1)
FNF:2
FNH:2
FNDA:3,(anonymous_0)
FNDA:1,(anonymous_1)
DA:1,1
DA:2,1
DA:16,1
DA:17,3
DA:19,3
DA:21,3
DA:24,1
LF:7
LH:7
BRF:0
BRH:0
end_of_record
TN:
SF:src\app\q11\q11.component.ts
FN:26,(anonymous_0)
FN:28,(anonymous_1)
FN:32,(anonymous_2)
FN:36,(anonymous_3)
FN:40,(anonymous_4)
FN:44,(anonymous_5)
FN:54,(anonymous_6)
FN:55,(anonymous_7)
FN:57,(anonymous_8)
FN:58,(anonymous_9)
FN:73,(anonymous_12)
FN:75,(anonymous_13)
FNF:12
FNH:12
FNDA:4,(anonymous_0)
FNDA:4,(anonymous_1)
FNDA:13,(anonymous_2)
FNDA:13,(anonymous_3)
FNDA:13,(anonymous_4)
FNDA:4,(anonymous_5)
FNDA:4,(anonymous_6)
FNDA:2,(anonymous_7)
FNDA:2,(anonymous_8)
FNDA:2,(anonymous_9)
FNDA:8,(anonymous_12)
FNDA:24,(anonymous_13)
DA:1,1
DA:2,1
DA:11,1
DA:12,1
DA:19,1
DA:22,4
DA:23,4
DA:24,4
DA:26,4
DA:29,4
DA:33,13
DA:37,13
DA:41,13
DA:45,4
DA:55,4
DA:56,2
DA:57,2
DA:59,2
DA:70,1
DA:71,11
DA:74,8
DA:75,24
DA:77,8
LF:23
LH:23
BRDA:33,0,0,2
BRDA:33,0,1,11
BRDA:33,1,0,13
BRDA:33,1,1,11
BRDA:33,2,0,0
BRDA:33,2,1,13
BRDA:33,3,0,13
BRDA:33,3,1,13
BRDA:33,4,0,0
BRDA:33,4,1,13
BRDA:33,5,0,13
BRDA:33,5,1,13
BRDA:33,6,0,0
BRDA:33,6,1,13
BRDA:33,7,0,13
BRDA:33,7,1,13
BRDA:37,8,0,2
BRDA:37,8,1,11
BRDA:37,9,0,13
BRDA:37,9,1,11
BRDA:37,10,0,0
BRDA:37,10,1,13
BRDA:37,11,0,13
BRDA:37,11,1,13
BRDA:37,12,0,0
BRDA:37,12,1,13
BRDA:37,13,0,13
BRDA:37,13,1,13
BRDA:37,14,0,0
BRDA:37,14,1,13
BRDA:37,15,0,13
BRDA:37,15,1,13
BRDA:41,16,0,0
BRDA:41,16,1,13
BRDA:41,17,0,13
BRDA:41,17,1,13
BRDA:41,18,0,0
BRDA:41,18,1,13
BRDA:41,19,0,13
BRDA:41,19,1,13
BRDA:41,20,0,0
BRDA:41,20,1,13
BRDA:41,21,0,13
BRDA:41,21,1,13
BRDA:59,22,0,1
BRDA:59,22,1,1
BRDA:77,23,0,4
BRDA:77,23,1,4
BRF:48
BRH:39
end_of_record
TN:
SF:src\app\q12\q12.component.ts
FN:11,(anonymous_0)
FN:33,(anonymous_2)
FN:38,(anonymous_3)
FNF:3
FNH:3
FNDA:1,(anonymous_0)
FNDA:2,(anonymous_2)
FNDA:38,(anonymous_3)
DA:1,1
DA:8,1
DA:12,1
DA:29,1
DA:30,12
DA:34,2
DA:35,2
DA:40,38
LF:8
LH:8
BRF:0
BRH:0
end_of_record
TN:
SF:src\app\q13\q13.component.ts
FN:37,(anonymous_1)
FN:41,(anonymous_2)
FN:48,(anonymous_3)
FN:65,(anonymous_4)
FN:66,(anonymous_5)
FN:75,(anonymous_6)
FNF:6
FNH:6
FNDA:9,(anonymous_1)
FNDA:54,(anonymous_2)
FNDA:9,(anonymous_3)
FNDA:9,(anonymous_4)
FNDA:39,(anonymous_5)
FNDA:74,(anonymous_6)
DA:1,1
DA:2,1
DA:21,1
DA:24,9
DA:25,9
DA:35,9
DA:38,9
DA:42,54
DA:43,54
DA:45,54
DA:49,9
DA:62,9
DA:66,9
DA:67,39
DA:68,39
DA:74,39
DA:75,74
DA:78,39
LF:18
LH:18
BRDA:42,0,0,0
BRDA:42,0,1,54
BRDA:42,1,0,54
BRDA:42,1,1,54
BRDA:43,2,0,0
BRDA:43,2,1,54
BRDA:43,3,0,54
BRDA:43,3,1,54
BRDA:45,4,0,20
BRDA:45,4,1,34
BRDA:45,5,0,54
BRDA:45,5,1,24
BRDA:45,6,0,10
BRDA:45,6,1,10
BRDA:45,7,0,20
BRDA:45,7,1,10
BRDA:45,8,0,0
BRDA:45,8,1,20
BRDA:45,9,0,20
BRDA:45,9,1,20
BRDA:67,10,0,0
BRDA:67,10,1,39
BRDA:67,11,0,39
BRDA:67,11,1,39
BRDA:67,12,0,0
BRDA:67,12,1,39
BRDA:67,13,0,39
BRDA:67,13,1,39
BRDA:68,14,0,0
BRDA:68,14,1,39
BRDA:68,15,0,39
BRDA:68,15,1,39
BRDA:68,16,0,0
BRDA:68,16,1,39
BRDA:68,17,0,39
BRDA:68,17,1,39
BRDA:68,18,0,0
BRDA:68,18,1,39
BRDA:68,19,0,39
BRDA:68,19,1,39
BRDA:68,20,0,0
BRDA:68,20,1,39
BRDA:68,21,0,39
BRDA:68,21,1,39
BRDA:74,22,0,33
BRDA:74,22,1,6
BRDA:74,23,0,39
BRDA:74,23,1,39
BRDA:74,24,0,0
BRDA:74,24,1,39
BRDA:74,25,0,39
BRDA:74,25,1,39
BRDA:78,26,0,2
BRDA:78,26,1,37
BRF:54
BRH:44
end_of_record
TN:
SF:src\app\q14\q14.component.ts
FN:21,(anonymous_1)
FN:24,(anonymous_2)
FN:25,(anonymous_3)
FNF:3
FNH:3
FNDA:7,(anonymous_1)
FNDA:25,(anonymous_2)
FNDA:20,(anonymous_3)
DA:1,1
DA:3,1
DA:4,1
DA:11,1
DA:14,10
DA:15,10
DA:16,10
DA:17,10
DA:18,10
DA:19,10
DA:22,7
DA:23,7
DA:24,25
DA:26,20
DA:27,5
DA:29,15
LF:16
LH:16
BRDA:26,0,0,5
BRDA:26,0,1,15
BRF:2
BRH:2
end_of_record
TN:
SF:src\app\q15\q15.component.ts
FN:14,(anonymous_0)
FN:16,(anonymous_1)
FN:21,(anonymous_2)
FN:35,(anonymous_5)
FNF:4
FNH:4
FNDA:7,(anonymous_0)
FNDA:4,(anonymous_1)
FNDA:4,(anonymous_2)
FNDA:5,(anonymous_5)
DA:1,1
DA:3,1
DA:4,1
DA:11,1
DA:14,7
DA:17,4
DA:22,4
DA:32,1
DA:33,9
DA:36,5
LF:10
LH:10
BRF:0
BRH:0
end_of_record
TN:
SF:src\app\q16\q16.component.ts
FN:60,(anonymous_1)
FN:63,(anonymous_2)
FN:64,(anonymous_3)
FN:68,(anonymous_4)
FNF:4
FNH:4
FNDA:4,(anonymous_1)
FNDA:7,(anonymous_2)
FNDA:21,(anonymous_3)
FNDA:35,(anonymous_4)
DA:1,1
DA:3,1
DA:4,1
DA:26,1
DA:27,4
DA:44,4
DA:54,4
DA:56,4
DA:57,4
DA:61,4
DA:64,7
DA:65,21
DA:68,35
LF:13
LH:13
BRDA:68,0,0,7
BRDA:68,0,1,14
BRDA:68,1,0,21
BRDA:68,1,1,21
BRF:4
BRH:4
end_of_record
TN:
SF:src\app\q17\q17.component.ts
FN:28,(anonymous_0)
FN:32,(anonymous_1)
FN:36,(anonymous_2)
FN:74,(anonymous_3)
FN:67,(anonymous_4)
FN:76,(anonymous_5)
FN:80,(anonymous_6)
FN:84,(anonymous_7)
FN:88,(anonymous_8)
FN:92,(anonymous_9)
FN:54,(anonymous_11)
FNF:11
FNH:11
FNDA:4,(anonymous_0)
FNDA:32,(anonymous_1)
FNDA:4,(anonymous_2)
FNDA:10,(anonymous_3)
FNDA:20,(anonymous_4)
FNDA:20,(anonymous_5)
FNDA:8,(anonymous_6)
FNDA:8,(anonymous_7)
FNDA:5,(anonymous_8)
FNDA:1,(anonymous_9)
FNDA:4,(anonymous_11)
DA:1,1
DA:10,1
DA:25,1
DA:29,4
DA:33,32
DA:37,4
DA:54,4
DA:58,1
DA:68,20
DA:74,10
DA:77,20
DA:81,8
DA:85,8
DA:89,5
DA:93,1
LF:15
LH:15
BRDA:69,0,0,20
BRDA:69,0,1,20
BRDA:70,1,0,0
BRDA:70,1,1,20
BRDA:70,2,0,20
BRDA:70,2,1,20
BRDA:81,3,0,0
BRDA:81,3,1,8
BRDA:81,4,0,8
BRDA:81,4,1,8
BRDA:85,5,0,0
BRDA:85,5,1,8
BRDA:85,6,0,8
BRDA:85,6,1,8
BRDA:89,7,0,0
BRDA:89,7,1,5
BRDA:89,8,0,5
BRDA:89,8,1,5
BRDA:93,9,0,0
BRDA:93,9,1,1
BRDA:93,10,0,1
BRDA:93,10,1,1
BRF:22
BRH:17
end_of_record
TN:
SF:src\app\q18\q18.component.ts
FN:27,(anonymous_1)
FN:30,(anonymous_2)
FN:33,(anonymous_3)
FN:36,(anonymous_4)
FN:39,(anonymous_5)
FN:42,(anonymous_6)
FNF:6
FNH:6
FNDA:8,(anonymous_1)
FNDA:8,(anonymous_2)
FNDA:16,(anonymous_3)
FNDA:8,(anonymous_4)
FNDA:16,(anonymous_5)
FNDA:8,(anonymous_6)
DA:1,1
DA:16,1
DA:25,8
DA:28,8
DA:31,8
DA:34,16
DA:37,8
DA:40,16
DA:43,8
LF:9
LH:9
BRF:0
BRH:0
end_of_record
TN:
SF:src\app\q19\q19.component.ts
FN:41,(anonymous_0)
FN:45,(anonymous_1)
FNF:2
FNH:2
FNDA:3,(anonymous_0)
FNDA:2,(anonymous_1)
DA:1,1
DA:37,1
DA:42,3
DA:46,2
LF:4
LH:4
BRF:0
BRH:0
end_of_record
TN:
SF:src\app\q2\q2.component.ts
FNF:0
FNH:0
DA:1,1
DA:8,1
DA:9,2
LF:3
LH:3
BRF:0
BRH:0
end_of_record
TN:
SF:src\app\q3\q3.component.ts
FN:40,(anonymous_1)
FN:41,(anonymous_2)
FNF:2
FNH:2
FNDA:115,(anonymous_1)
FNDA:460,(anonymous_2)
DA:1,1
DA:14,1
DA:15,8
DA:16,8
DA:17,8
DA:41,115
DA:42,460
LF:7
LH:7
BRDA:43,0,0,460
BRDA:43,0,1,241
BRF:2
BRH:2
end_of_record
TN:
SF:src\app\q4\q4.component.ts
FN:11,(anonymous_1)
FNF:1
FNH:1
FNDA:2,(anonymous_1)
DA:1,1
DA:8,1
DA:9,4
DA:12,2
DA:22,1
LF:5
LH:5
BRF:0
BRH:0
end_of_record
TN:
SF:src\app\q5\q5.component.ts
FN:11,(anonymous_1)
FN:28,(anonymous_3)
FNF:2
FNH:2
FNDA:2,(anonymous_1)
FNDA:1,(anonymous_3)
DA:1,1
DA:8,1
DA:9,3
DA:12,2
DA:23,1
DA:24,3
DA:26,3
DA:29,1
LF:8
LH:8
BRF:0
BRH:0
end_of_record
TN:
SF:src\app\q6\q6.component.ts
FN:13,(anonymous_1)
FN:17,(anonymous_2)
FN:21,(anonymous_3)
FNF:3
FNH:3
FNDA:5,(anonymous_1)
FNDA:1,(anonymous_2)
FNDA:5,(anonymous_3)
DA:1,1
DA:2,1
DA:9,1
DA:10,5
DA:14,5
DA:18,1
DA:22,5
LF:7
LH:7
BRF:0
BRH:0
end_of_record
TN:
SF:src\app\q7\q7.component.ts
FN:16,(anonymous_1)
FN:20,(anonymous_2)
FNF:2
FNH:2
FNDA:7,(anonymous_1)
FNDA:29,(anonymous_2)
DA:1,1
DA:8,1
DA:9,3
DA:15,1
DA:17,7
DA:18,3
DA:21,29
LF:7
LH:7
BRDA:17,0,0,4
BRDA:21,1,0,14
BRDA:21,1,1,15
BRF:3
BRH:3
end_of_record
TN:
SF:src\app\q8\q8.component.ts
FN:22,(anonymous_0)
FN:24,(anonymous_1)
FN:28,(anonymous_2)
FN:31,(anonymous_3)
FNF:4
FNH:4
FNDA:16,(anonymous_0)
FNDA:6,(anonymous_1)
FNDA:1,(anonymous_2)
FNDA:7,(anonymous_3)
DA:1,1
DA:14,1
DA:19,1
DA:22,16
DA:25,6
DA:29,1
DA:32,7
LF:7
LH:7
BRF:0
BRH:0
end_of_record
TN:
SF:src\app\q9\q9.component.ts
FN:13,(anonymous_0)
FN:43,(anonymous_1)
FNF:2
FNH:2
FNDA:3,(anonymous_0)
FNDA:26,(anonymous_1)
DA:1,1
DA:10,1
DA:14,3
DA:40,1
DA:45,26
LF:5
LH:5
BRF:0
BRH:0
end_of_record
